2026-02-13 21:08:01,593 WARNING database DDL Query made to DB:
create table `tabQuality Procedure` (
			name varchar(140) primary key,
			creation datetime(6),
			modified datetime(6),
			modified_by varchar(140),
			owner varchar(140),
			docstatus int(1) not null default '0',
			idx int(8) not null default '0',
			`quality_procedure_name` varchar(140) unique,
`process_owner` varchar(140),
`process_owner_full_name` varchar(140),
`parent_quality_procedure` varchar(140),
`is_group` int(1) not null default 0,
`rgt` int(11) not null default 0,
`lft` int(11) not null default 0,
`old_parent` varchar(140),
`_user_tags` text,
`_comments` text,
`_assign` text,
`_liked_by` text,
index modified(modified))
			ENGINE=InnoDB
			ROW_FORMAT=DYNAMIC
			CHARACTER SET=utf8mb4
			COLLATE=utf8mb4_unicode_ci
2026-02-13 21:08:01,687 WARNING database DDL Query made to DB:
create table `tabQuality Goal` (
			name varchar(140) primary key,
			creation datetime(6),
			modified datetime(6),
			modified_by varchar(140),
			owner varchar(140),
			docstatus int(1) not null default '0',
			idx int(8) not null default '0',
			`goal` varchar(140) unique,
`frequency` varchar(140) default 'None',
`procedure` varchar(140),
`weekday` varchar(140),
`date` varchar(140),
`_user_tags` text,
`_comments` text,
`_assign` text,
`_liked_by` text,
index modified(modified))
			ENGINE=InnoDB
			ROW_FORMAT=DYNAMIC
			CHARACTER SET=utf8mb4
			COLLATE=utf8mb4_unicode_ci
2026-02-13 21:08:01,814 WARNING database DDL Query made to DB:
create table `tabNon Conformance` (
			name varchar(140) primary key,
			creation datetime(6),
			modified datetime(6),
			modified_by varchar(140),
			owner varchar(140),
			docstatus int(1) not null default '0',
			idx int(8) not null default '0',
			`subject` varchar(140),
`procedure` varchar(140),
`process_owner` varchar(140),
`full_name` varchar(140),
`status` varchar(140),
`details` longtext,
`corrective_action` longtext,
`preventive_action` longtext,
`_user_tags` text,
`_comments` text,
`_assign` text,
`_liked_by` text,
index modified(modified))
			ENGINE=InnoDB
			ROW_FORMAT=DYNAMIC
			CHARACTER SET=utf8mb4
			COLLATE=utf8mb4_unicode_ci
2026-02-13 21:08:01,896 WARNING database DDL Query made to DB:
create table `tabQuality Meeting Minutes` (
			name varchar(140) primary key,
			creation datetime(6),
			modified datetime(6),
			modified_by varchar(140),
			owner varchar(140),
			docstatus int(1) not null default '0',
			idx int(8) not null default '0',
			`document_type` varchar(140),
`document_name` varchar(140),
`minute` longtext,
parent varchar(140),
parentfield varchar(140),
parenttype varchar(140),
index parent(parent))
			ENGINE=InnoDB
			ROW_FORMAT=DYNAMIC
			CHARACTER SET=utf8mb4
			COLLATE=utf8mb4_unicode_ci
2026-02-13 21:08:01,976 WARNING database DDL Query made to DB:
create table `tabQuality Action Resolution` (
			name varchar(140) primary key,
			creation datetime(6),
			modified datetime(6),
			modified_by varchar(140),
			owner varchar(140),
			docstatus int(1) not null default '0',
			idx int(8) not null default '0',
			`problem` longtext,
`resolution` longtext,
`status` varchar(140),
`responsible` varchar(140),
`completion_by` date,
parent varchar(140),
parentfield varchar(140),
parenttype varchar(140),
index parent(parent))
			ENGINE=InnoDB
			ROW_FORMAT=DYNAMIC
			CHARACTER SET=utf8mb4
			COLLATE=utf8mb4_unicode_ci
2026-02-13 21:08:02,050 WARNING database DDL Query made to DB:
create table `tabQuality Feedback Template` (
			name varchar(140) primary key,
			creation datetime(6),
			modified datetime(6),
			modified_by varchar(140),
			owner varchar(140),
			docstatus int(1) not null default '0',
			idx int(8) not null default '0',
			`template` varchar(140) unique,
`_user_tags` text,
`_comments` text,
`_assign` text,
`_liked_by` text,
index modified(modified))
			ENGINE=InnoDB
			ROW_FORMAT=DYNAMIC
			CHARACTER SET=utf8mb4
			COLLATE=utf8mb4_unicode_ci
2026-02-13 21:08:02,133 WARNING database DDL Query made to DB:
create table `tabQuality Meeting Agenda` (
			name varchar(140) primary key,
			creation datetime(6),
			modified datetime(6),
			modified_by varchar(140),
			owner varchar(140),
			docstatus int(1) not null default '0',
			idx int(8) not null default '0',
			`agenda` longtext,
parent varchar(140),
parentfield varchar(140),
parenttype varchar(140),
index parent(parent))
			ENGINE=InnoDB
			ROW_FORMAT=DYNAMIC
			CHARACTER SET=utf8mb4
			COLLATE=utf8mb4_unicode_ci
2026-02-13 21:08:02,207 WARNING database DDL Query made to DB:
create table `tabQuality Procedure Process` (
			name varchar(140) primary key,
			creation datetime(6),
			modified datetime(6),
			modified_by varchar(140),
			owner varchar(140),
			docstatus int(1) not null default '0',
			idx int(8) not null default '0',
			`process_description` longtext,
`procedure` varchar(140),
parent varchar(140),
parentfield varchar(140),
parenttype varchar(140),
index parent(parent))
			ENGINE=InnoDB
			ROW_FORMAT=DYNAMIC
			CHARACTER SET=utf8mb4
			COLLATE=utf8mb4_unicode_ci
2026-02-13 21:08:02,298 WARNING database DDL Query made to DB:
create table `tabQuality Feedback Parameter` (
			name varchar(140) primary key,
			creation datetime(6),
			modified datetime(6),
			modified_by varchar(140),
			owner varchar(140),
			docstatus int(1) not null default '0',
			idx int(8) not null default '0',
			`parameter` varchar(140),
`rating` varchar(140) default '1',
`feedback` longtext,
parent varchar(140),
parentfield varchar(140),
parenttype varchar(140),
index parent(parent))
			ENGINE=InnoDB
			ROW_FORMAT=DYNAMIC
			CHARACTER SET=utf8mb4
			COLLATE=utf8mb4_unicode_ci
2026-02-13 21:08:02,374 WARNING database DDL Query made to DB:
create table `tabQuality Meeting` (
			name varchar(140) primary key,
			creation datetime(6),
			modified datetime(6),
			modified_by varchar(140),
			owner varchar(140),
			docstatus int(1) not null default '0',
			idx int(8) not null default '0',
			`status` varchar(140) default 'Open',
`_user_tags` text,
`_comments` text,
`_assign` text,
`_liked_by` text,
index modified(modified))
			ENGINE=InnoDB
			ROW_FORMAT=DYNAMIC
			CHARACTER SET=utf8mb4
			COLLATE=utf8mb4_unicode_ci
2026-02-13 21:08:02,476 WARNING database DDL Query made to DB:
create table `tabCommunication Medium Timeslot` (
			name varchar(140) primary key,
			creation datetime(6),
			modified datetime(6),
			modified_by varchar(140),
			owner varchar(140),
			docstatus int(1) not null default '0',
			idx int(8) not null default '0',
			`day_of_week` varchar(140),
`from_time` time(6),
`to_time` time(6),
`employee_group` varchar(140),
parent varchar(140),
parentfield varchar(140),
parenttype varchar(140),
index parent(parent))
			ENGINE=InnoDB
			ROW_FORMAT=DYNAMIC
			CHARACTER SET=utf8mb4
			COLLATE=utf8mb4_unicode_ci
2026-02-13 21:08:02,560 WARNING database DDL Query made to DB:
create table `tabCommunication Medium` (
			name varchar(140) primary key,
			creation datetime(6),
			modified datetime(6),
			modified_by varchar(140),
			owner varchar(140),
			docstatus int(1) not null default '0',
			idx int(8) not null default '0',
			`communication_channel` varchar(140),
`communication_medium_type` varchar(140),
`catch_all` varchar(140),
`provider` varchar(140),
`disabled` int(1) not null default 0,
`_user_tags` text,
`_comments` text,
`_assign` text,
`_liked_by` text,
index modified(modified))
			ENGINE=InnoDB
			ROW_FORMAT=DYNAMIC
			CHARACTER SET=utf8mb4
			COLLATE=utf8mb4_unicode_ci
2026-02-13 21:08:02,658 WARNING database DDL Query made to DB:
create table `tabVoice Call Settings` (
			name varchar(140) primary key,
			creation datetime(6),
			modified datetime(6),
			modified_by varchar(140),
			owner varchar(140),
			docstatus int(1) not null default '0',
			idx int(8) not null default '0',
			`user` varchar(140) unique,
`call_receiving_device` varchar(140) default 'Computer',
`greeting_message` varchar(140),
`agent_busy_message` varchar(140),
`agent_unavailable_message` varchar(140),
`_user_tags` text,
`_comments` text,
`_assign` text,
`_liked_by` text,
index modified(modified))
			ENGINE=InnoDB
			ROW_FORMAT=DYNAMIC
			CHARACTER SET=utf8mb4
			COLLATE=utf8mb4_unicode_ci
2026-02-13 21:08:02,766 WARNING database DDL Query made to DB:
create table `tabCall Log` (
			name varchar(140) primary key,
			creation datetime(6),
			modified datetime(6),
			modified_by varchar(140),
			owner varchar(140),
			docstatus int(1) not null default '0',
			idx int(8) not null default '0',
			`id` varchar(140) unique,
`from` varchar(140),
`to` varchar(140),
`call_received_by` varchar(140),
`employee_user_id` varchar(140),
`medium` varchar(140),
`start_time` datetime(6),
`end_time` datetime(6),
`type` varchar(140),
`customer` varchar(140),
`status` varchar(140),
`duration` decimal(21,9),
`recording_url` varchar(140),
`type_of_call` varchar(140),
`summary` text,
`_user_tags` text,
`_comments` text,
`_assign` text,
`_liked_by` text,
index modified(modified))
			ENGINE=InnoDB
			ROW_FORMAT=DYNAMIC
			CHARACTER SET=utf8mb4
			COLLATE=utf8mb4_unicode_ci
2026-02-13 21:08:02,854 WARNING database DDL Query made to DB:
create table `tabIncoming Call Handling Schedule` (
			name varchar(140) primary key,
			creation datetime(6),
			modified datetime(6),
			modified_by varchar(140),
			owner varchar(140),
			docstatus int(1) not null default '0',
			idx int(8) not null default '0',
			`day_of_week` varchar(140),
`from_time` time(6) default '9:00:00',
`to_time` time(6) default '17:00:00',
`agent_group` varchar(140),
parent varchar(140),
parentfield varchar(140),
parenttype varchar(140),
index parent(parent))
			ENGINE=InnoDB
			ROW_FORMAT=DYNAMIC
			CHARACTER SET=utf8mb4
			COLLATE=utf8mb4_unicode_ci
2026-02-13 21:08:02,931 WARNING database DDL Query made to DB:
create table `tabTelephony Call Type` (
			name varchar(140) primary key,
			creation datetime(6),
			modified datetime(6),
			modified_by varchar(140),
			owner varchar(140),
			docstatus int(1) not null default '0',
			idx int(8) not null default '0',
			`call_type` varchar(140) unique,
`amended_from` varchar(140),
`_user_tags` text,
`_comments` text,
`_assign` text,
`_liked_by` text,
index modified(modified))
			ENGINE=InnoDB
			ROW_FORMAT=DYNAMIC
			CHARACTER SET=utf8mb4
			COLLATE=utf8mb4_unicode_ci
2026-02-13 21:08:03,021 WARNING database DDL Query made to DB:
create table `tabIncoming Call Settings` (
			name varchar(140) primary key,
			creation datetime(6),
			modified datetime(6),
			modified_by varchar(140),
			owner varchar(140),
			docstatus int(1) not null default '0',
			idx int(8) not null default '0',
			`call_routing` varchar(140) default 'Sequential',
`greeting_message` varchar(140),
`agent_busy_message` varchar(140),
`agent_unavailable_message` varchar(140),
`_user_tags` text,
`_comments` text,
`_assign` text,
`_liked_by` text,
index modified(modified))
			ENGINE=InnoDB
			ROW_FORMAT=DYNAMIC
			CHARACTER SET=utf8mb4
			COLLATE=utf8mb4_unicode_ci
2026-02-13 21:08:03,121 WARNING database DDL Query made to DB:
create table `tabBulk Transaction Log Detail` (
			name varchar(140) primary key,
			creation datetime(6),
			modified datetime(6),
			modified_by varchar(140),
			owner varchar(140),
			docstatus int(1) not null default '0',
			idx int(8) not null default '0',
			`from_doctype` varchar(140),
`transaction_name` varchar(140),
`date` date,
`time` time(6),
`transaction_status` varchar(140),
`error_description` longtext,
`to_doctype` varchar(140),
`retried` int(11) not null default 0,
`_user_tags` text,
`_comments` text,
`_assign` text,
`_liked_by` text,
index `from_doctype`(`from_doctype`),
index `transaction_name`(`transaction_name`),
index `date`(`date`),
index modified(modified))
			ENGINE=InnoDB
			ROW_FORMAT=DYNAMIC
			CHARACTER SET=utf8mb4
			COLLATE=utf8mb4_unicode_ci
2026-02-13 21:08:03,297 WARNING database DDL Query made to DB:
create table `tabSubcontracting Receipt Supplied Item` (
			name varchar(140) primary key,
			creation datetime(6),
			modified datetime(6),
			modified_by varchar(140),
			owner varchar(140),
			docstatus int(1) not null default '0',
			idx int(8) not null default '0',
			`main_item_code` varchar(140),
`rm_item_code` varchar(140),
`item_name` varchar(140),
`bom_detail_no` varchar(140),
`description` longtext,
`stock_uom` varchar(140),
`conversion_factor` decimal(21,9) not null default 1.0,
`reference_name` varchar(140),
`rate` decimal(21,9) not null default 0,
`amount` decimal(21,9) not null default 0,
`available_qty_for_consumption` decimal(21,9) not null default 0,
`required_qty` decimal(21,9) not null default 0,
`consumed_qty` decimal(21,9) not null default 0,
`current_stock` decimal(21,9) not null default 0,
`serial_and_batch_bundle` varchar(140),
`use_serial_batch_fields` int(1) not null default 0,
`subcontracting_order` varchar(140),
`serial_no` text,
`batch_no` varchar(140),
`expense_account` varchar(140),
`cost_center` varchar(140),
parent varchar(140),
parentfield varchar(140),
parenttype varchar(140),
index parent(parent))
			ENGINE=InnoDB
			ROW_FORMAT=DYNAMIC
			CHARACTER SET=utf8mb4
			COLLATE=utf8mb4_unicode_ci
2026-02-13 21:08:03,431 WARNING database DDL Query made to DB:
create table `tabSubcontracting Receipt Item` (
			name varchar(140) primary key,
			creation datetime(6),
			modified datetime(6),
			modified_by varchar(140),
			owner varchar(140),
			docstatus int(1) not null default '0',
			idx int(8) not null default '0',
			`item_code` varchar(140),
`item_name` varchar(140),
`is_scrap_item` int(1) not null default 0,
`description` longtext,
`brand` varchar(140),
`image` text,
`received_qty` decimal(21,9) not null default 0,
`qty` decimal(21,9) not null default 0,
`rejected_qty` decimal(21,9) not null default 0,
`returned_qty` decimal(21,9) not null default 0,
`stock_uom` varchar(140),
`conversion_factor` decimal(21,9) not null default 1.0,
`rate` decimal(21,9) not null default 0,
`amount` decimal(21,9) not null default 0,
`rm_cost_per_qty` decimal(21,9) not null default 0,
`service_cost_per_qty` decimal(21,9) not null default 0,
`additional_cost_per_qty` decimal(21,9) not null default 0,
`scrap_cost_per_qty` decimal(21,9) not null default 0,
`rm_supp_cost` decimal(21,9) not null default 0,
`warehouse` varchar(140),
`subcontracting_order` varchar(140),
`subcontracting_order_item` varchar(140),
`subcontracting_receipt_item` varchar(140),
`rejected_warehouse` varchar(140),
`bom` varchar(140),
`include_exploded_items` int(1) not null default 0,
`quality_inspection` varchar(140),
`schedule_date` date,
`reference_name` varchar(140),
`serial_and_batch_bundle` varchar(140),
`use_serial_batch_fields` int(1) not null default 0,
`rejected_serial_and_batch_bundle` varchar(140),
`serial_no` text,
`rejected_serial_no` text,
`batch_no` varchar(140),
`manufacturer` varchar(140),
`manufacturer_part_no` varchar(140),
`expense_account` varchar(140),
`service_expense_account` varchar(140),
`cost_center` varchar(140),
`project` varchar(140),
`page_break` int(1) not null default 0,
`purchase_order` varchar(140),
`purchase_order_item` varchar(140),
index `item_code`(`item_code`),
index `subcontracting_order`(`subcontracting_order`),
index `subcontracting_order_item`(`subcontracting_order_item`),
index `purchase_order`(`purchase_order`),
index `purchase_order_item`(`purchase_order_item`),
parent varchar(140),
parentfield varchar(140),
parenttype varchar(140),
index parent(parent))
			ENGINE=InnoDB
			ROW_FORMAT=DYNAMIC
			CHARACTER SET=utf8mb4
			COLLATE=utf8mb4_unicode_ci
2026-02-13 21:08:03,558 WARNING database DDL Query made to DB:
create table `tabSubcontracting Order` (
			name varchar(140) primary key,
			creation datetime(6),
			modified datetime(6),
			modified_by varchar(140),
			owner varchar(140),
			docstatus int(1) not null default '0',
			idx int(8) not null default '0',
			`title` varchar(140) default '{supplier_name}',
`naming_series` varchar(140),
`purchase_order` varchar(140),
`supplier` varchar(140),
`supplier_name` varchar(140),
`supplier_warehouse` varchar(140),
`company` varchar(140),
`transaction_date` date,
`schedule_date` date,
`amended_from` varchar(140),
`cost_center` varchar(140),
`project` varchar(140),
`set_warehouse` varchar(140),
`total_qty` decimal(21,9) not null default 0,
`total` decimal(21,9) not null default 0,
`set_reserve_warehouse` varchar(140),
`supplier_address` varchar(140),
`address_display` text,
`contact_person` varchar(140),
`contact_display` text,
`contact_mobile` text,
`contact_email` text,
`shipping_address` varchar(140),
`shipping_address_display` text,
`billing_address` varchar(140),
`billing_address_display` text,
`distribute_additional_costs_based_on` varchar(140) default 'Qty',
`total_additional_costs` decimal(21,9) not null default 0,
`status` varchar(140) default 'Draft',
`per_received` decimal(21,9) not null default 0,
`select_print_heading` varchar(140),
`letter_head` varchar(140),
`_user_tags` text,
`_comments` text,
`_assign` text,
`_liked_by` text,
index `supplier`(`supplier`),
index `transaction_date`(`transaction_date`),
index `status`(`status`),
index modified(modified))
			ENGINE=InnoDB
			ROW_FORMAT=DYNAMIC
			CHARACTER SET=utf8mb4
			COLLATE=utf8mb4_unicode_ci
2026-02-13 21:08:03,671 WARNING database DDL Query made to DB:
create table `tabSubcontracting Order Supplied Item` (
			name varchar(140) primary key,
			creation datetime(6),
			modified datetime(6),
			modified_by varchar(140),
			owner varchar(140),
			docstatus int(1) not null default '0',
			idx int(8) not null default '0',
			`main_item_code` varchar(140),
`rm_item_code` varchar(140),
`stock_uom` varchar(140),
`conversion_factor` decimal(21,9) not null default 1.0,
`reserve_warehouse` varchar(140),
`bom_detail_no` varchar(140),
`reference_name` varchar(140),
`rate` decimal(21,9) not null default 0,
`amount` decimal(21,9) not null default 0,
`required_qty` decimal(21,9) not null default 0,
`supplied_qty` decimal(21,9) not null default 0,
`consumed_qty` decimal(21,9) not null default 0,
`returned_qty` decimal(21,9) not null default 0,
`total_supplied_qty` decimal(21,9) not null default 0,
parent varchar(140),
parentfield varchar(140),
parenttype varchar(140),
index parent(parent))
			ENGINE=InnoDB
			ROW_FORMAT=DYNAMIC
			CHARACTER SET=utf8mb4
			COLLATE=utf8mb4_unicode_ci
2026-02-13 21:08:03,783 WARNING database DDL Query made to DB:
create table `tabSubcontracting Order Item` (
			name varchar(140) primary key,
			creation datetime(6),
			modified datetime(6),
			modified_by varchar(140),
			owner varchar(140),
			docstatus int(1) not null default '0',
			idx int(8) not null default '0',
			`item_code` varchar(140),
`item_name` varchar(140),
`bom` varchar(140),
`include_exploded_items` int(1) not null default 0,
`schedule_date` date,
`expected_delivery_date` date,
`description` longtext,
`image` text,
`qty` decimal(21,9) not null default 1.0,
`received_qty` decimal(21,9) not null default 0,
`returned_qty` decimal(21,9) not null default 0,
`stock_uom` varchar(140),
`conversion_factor` decimal(21,9) not null default 1.0,
`rate` decimal(21,9) not null default 0,
`amount` decimal(21,9) not null default 0,
`rm_cost_per_qty` decimal(21,9) not null default 0,
`service_cost_per_qty` decimal(21,9) not null default 0,
`additional_cost_per_qty` decimal(21,9) not null default 0,
`warehouse` varchar(140),
`expense_account` varchar(140),
`manufacturer` varchar(140),
`manufacturer_part_no` varchar(140),
`material_request` varchar(140),
`material_request_item` varchar(140),
`cost_center` varchar(140),
`project` varchar(140),
`purchase_order_item` varchar(140),
`page_break` int(1) not null default 0,
`subcontracting_conversion_factor` decimal(21,9) not null default 0,
`job_card` varchar(140),
index `item_code`(`item_code`),
index `expected_delivery_date`(`expected_delivery_date`),
index `material_request`(`material_request`),
index `material_request_item`(`material_request_item`),
index `purchase_order_item`(`purchase_order_item`),
parent varchar(140),
parentfield varchar(140),
parenttype varchar(140),
index parent(parent))
			ENGINE=InnoDB
			ROW_FORMAT=DYNAMIC
			CHARACTER SET=utf8mb4
			COLLATE=utf8mb4_unicode_ci
2026-02-13 21:08:03,882 WARNING database DDL Query made to DB:
create table `tabSubcontracting Order Service Item` (
			name varchar(140) primary key,
			creation datetime(6),
			modified datetime(6),
			modified_by varchar(140),
			owner varchar(140),
			docstatus int(1) not null default '0',
			idx int(8) not null default '0',
			`item_code` varchar(140),
`item_name` varchar(140),
`qty` decimal(21,9) not null default 0,
`rate` decimal(21,9) not null default 0,
`amount` decimal(21,9) not null default 0,
`fg_item` varchar(140),
`fg_item_qty` decimal(21,9) not null default 1.0,
`purchase_order_item` varchar(140),
`material_request` varchar(140),
`material_request_item` varchar(140),
index `item_code`(`item_code`),
index `purchase_order_item`(`purchase_order_item`),
parent varchar(140),
parentfield varchar(140),
parenttype varchar(140),
index parent(parent))
			ENGINE=InnoDB
			ROW_FORMAT=DYNAMIC
			CHARACTER SET=utf8mb4
			COLLATE=utf8mb4_unicode_ci
2026-02-13 21:08:03,963 WARNING database DDL Query made to DB:
create table `tabSubcontracting BOM` (
			name varchar(140) primary key,
			creation datetime(6),
			modified datetime(6),
			modified_by varchar(140),
			owner varchar(140),
			docstatus int(1) not null default '0',
			idx int(8) not null default '0',
			`is_active` int(1) not null default 1,
`finished_good` varchar(140),
`finished_good_qty` decimal(21,9) not null default 1.0,
`finished_good_uom` varchar(140),
`finished_good_bom` varchar(140),
`service_item` varchar(140),
`service_item_qty` decimal(21,9) not null default 1.0,
`service_item_uom` varchar(140),
`conversion_factor` decimal(21,9) not null default 0,
`_user_tags` text,
`_comments` text,
`_assign` text,
`_liked_by` text,
index `finished_good`(`finished_good`),
index `finished_good_bom`(`finished_good_bom`),
index `service_item`(`service_item`),
index modified(modified))
			ENGINE=InnoDB
			ROW_FORMAT=DYNAMIC
			CHARACTER SET=utf8mb4
			COLLATE=utf8mb4_unicode_ci
2026-02-13 21:08:04,102 WARNING database DDL Query made to DB:
create table `tabSubcontracting Receipt` (
			name varchar(140) primary key,
			creation datetime(6),
			modified datetime(6),
			modified_by varchar(140),
			owner varchar(140),
			docstatus int(1) not null default '0',
			idx int(8) not null default '0',
			`title` varchar(140) default '{supplier_name}',
`naming_series` varchar(140),
`supplier` varchar(140),
`supplier_name` varchar(140),
`supplier_delivery_note` varchar(140),
`company` varchar(140),
`posting_date` date,
`posting_time` time(6),
`set_posting_time` int(1) not null default 0,
`is_return` int(1) not null default 0,
`return_against` varchar(140),
`cost_center` varchar(140),
`project` varchar(140),
`set_warehouse` varchar(140),
`rejected_warehouse` varchar(140),
`supplier_warehouse` varchar(140),
`total_qty` decimal(21,9) not null default 0,
`total` decimal(21,9) not null default 0,
`in_words` varchar(240),
`bill_no` varchar(140),
`bill_date` date,
`supplier_address` varchar(140),
`contact_person` varchar(140),
`address_display` text,
`contact_display` text,
`contact_mobile` text,
`contact_email` text,
`shipping_address` varchar(140),
`shipping_address_display` text,
`billing_address` varchar(140),
`billing_address_display` text,
`distribute_additional_costs_based_on` varchar(140) default 'Qty',
`total_additional_costs` decimal(21,9) not null default 0,
`amended_from` varchar(140),
`range` varchar(140),
`represents_company` varchar(140),
`status` varchar(140) default 'Draft',
`per_returned` decimal(21,9) not null default 0,
`auto_repeat` varchar(140),
`letter_head` varchar(140),
`language` varchar(140),
`instructions` text,
`select_print_heading` varchar(140),
`remarks` text,
`transporter_name` varchar(140),
`lr_no` varchar(140),
`lr_date` date,
`_user_tags` text,
`_comments` text,
`_assign` text,
`_liked_by` text,
index `supplier`(`supplier`),
index `posting_date`(`posting_date`),
index `status`(`status`),
index modified(modified))
			ENGINE=InnoDB
			ROW_FORMAT=DYNAMIC
			CHARACTER SET=utf8mb4
			COLLATE=utf8mb4_unicode_ci
2026-02-13 21:08:04,211 WARNING database DDL Query made to DB:
create table `tabCode List` (
			name varchar(140) primary key,
			creation datetime(6),
			modified datetime(6),
			modified_by varchar(140),
			owner varchar(140),
			docstatus int(1) not null default '0',
			idx int(8) not null default '0',
			`title` varchar(140),
`canonical_uri` varchar(140),
`url` varchar(140),
`default_common_code` varchar(140),
`version` varchar(140),
`publisher` varchar(140),
`publisher_id` varchar(140),
`description` text,
`_user_tags` text,
`_comments` text,
`_assign` text,
`_liked_by` text,
index modified(modified))
			ENGINE=InnoDB
			ROW_FORMAT=DYNAMIC
			CHARACTER SET=utf8mb4
			COLLATE=utf8mb4_unicode_ci
2026-02-13 21:08:04,299 WARNING database DDL Query made to DB:
create table `tabCommon Code` (
			name varchar(140) primary key,
			creation datetime(6),
			modified datetime(6),
			modified_by varchar(140),
			owner varchar(140),
			docstatus int(1) not null default '0',
			idx int(8) not null default '0',
			`code_list` varchar(140),
`canonical_uri` varchar(140),
`title` varchar(300),
`common_code` varchar(300),
`description` text,
`additional_data` longtext,
`_user_tags` text,
`_comments` text,
`_assign` text,
`_liked_by` text,
index `code_list`(`code_list`),
index `common_code`(`common_code`),
index modified(modified))
			ENGINE=InnoDB
			ROW_FORMAT=DYNAMIC
			CHARACTER SET=utf8mb4
			COLLATE=utf8mb4_unicode_ci
2026-02-13 21:08:04,373 WARNING database DDL Query made to DB:
ALTER TABLE `tabCommon Code`
				ADD INDEX IF NOT EXISTS `code_list_common_code_index`(code_list, common_code)
2026-02-13 21:08:08,185 WARNING database DDL Query made to DB:
ALTER TABLE `tabCommunication` ADD COLUMN `company` varchar(140)
2026-02-13 21:08:08,291 WARNING database DDL Query made to DB:
ALTER TABLE `tabEmail Account` ADD COLUMN `company` varchar(140)
2026-02-13 21:08:09,087 WARNING database DDL Query made to DB:
ALTER TABLE `tabAddress` ADD COLUMN `tax_category` varchar(140), ADD COLUMN `is_your_company_address` int(1) not null default 0
2026-02-13 21:08:09,177 WARNING database DDL Query made to DB:
ALTER TABLE `tabContact` ADD COLUMN `is_billing_contact` int(1) not null default 0
2026-02-13 21:08:09,824 WARNING database DDL Query made to DB:
create table `tabLoan Refund` (
			name varchar(140) primary key,
			creation datetime(6),
			modified datetime(6),
			modified_by varchar(140),
			owner varchar(140),
			docstatus int(1) not null default '0',
			idx int(8) not null default '0',
			`loan` varchar(140),
`applicant_type` varchar(140),
`applicant` varchar(140),
`company` varchar(140),
`value_date` date,
`posting_date` date,
`is_excess_amount_refund` int(1) not null default 0,
`is_security_amount_refund` int(1) not null default 0,
`cost_center` varchar(140),
`refund_account` varchar(140),
`loan_product` varchar(140),
`refund_amount` decimal(21,9) not null default 0,
`reference_number` varchar(140),
`amended_from` varchar(140),
`_user_tags` text,
`_comments` text,
`_assign` text,
`_liked_by` text,
index modified(modified))
			ENGINE=InnoDB
			ROW_FORMAT=DYNAMIC
			CHARACTER SET=utf8mb4
			COLLATE=utf8mb4_unicode_ci
2026-02-13 21:08:09,982 WARNING database DDL Query made to DB:
create table `tabProposed Pledge` (
			name varchar(140) primary key,
			creation datetime(6),
			modified datetime(6),
			modified_by varchar(140),
			owner varchar(140),
			docstatus int(1) not null default '0',
			idx int(8) not null default '0',
			`loan_security` varchar(140),
`loan_security_name` varchar(140),
`qty` decimal(21,9) not null default 0,
`loan_security_price` decimal(21,9) not null default 0,
`amount` decimal(21,9) not null default 0,
`haircut` decimal(21,9) not null default 0,
`post_haircut_amount` decimal(21,9) not null default 0,
parent varchar(140),
parentfield varchar(140),
parenttype varchar(140),
index parent(parent))
			ENGINE=InnoDB
			ROW_FORMAT=DYNAMIC
			CHARACTER SET=utf8mb4
			COLLATE=utf8mb4_unicode_ci
2026-02-13 21:08:10,087 WARNING database DDL Query made to DB:
create table `tabLoan Application` (
			name varchar(140) primary key,
			creation datetime(6),
			modified datetime(6),
			modified_by varchar(140),
			owner varchar(140),
			docstatus int(1) not null default '0',
			idx int(8) not null default '0',
			`applicant_email_address` varchar(140),
`applicant_phone_number` varchar(140),
`applicant_type` varchar(140) default 'Customer',
`applicant` varchar(140),
`first_name` varchar(140),
`last_name` varchar(140),
`company` varchar(140),
`posting_date` date,
`status` varchar(140),
`address_line_1` varchar(140),
`address_line_2` varchar(140),
`zip_code` int(11) not null default 0,
`city` varchar(140),
`state` varchar(140),
`country` varchar(140),
`loan_product` varchar(140),
`is_term_loan` int(1) not null default 0,
`loan_amount` decimal(21,9) not null default 0,
`is_secured_loan` int(1) not null default 0,
`rate_of_interest` decimal(21,9) not null default 0,
`description` text,
`maximum_loan_amount` decimal(21,9) not null default 0,
`repayment_method` varchar(140) default 'Repay Over Number of Periods',
`total_payable_amount` decimal(21,9) not null default 0,
`repayment_periods` int(11) not null default 0,
`repayment_amount` decimal(21,9) not null default 0,
`total_payable_interest` decimal(21,9) not null default 0,
`amended_from` varchar(140),
`_user_tags` text,
`_comments` text,
`_assign` text,
`_liked_by` text,
index modified(modified))
			ENGINE=InnoDB
			ROW_FORMAT=DYNAMIC
			CHARACTER SET=utf8mb4
			COLLATE=utf8mb4_unicode_ci
2026-02-13 21:08:10,220 WARNING database DDL Query made to DB:
create table `tabLoan Security Deposit` (
			name varchar(140) primary key,
			creation datetime(6),
			modified datetime(6),
			modified_by varchar(140),
			owner varchar(140),
			docstatus int(1) not null default '0',
			idx int(8) not null default '0',
			`loan` varchar(140),
`loan_disbursement` varchar(140),
`deposit_amount` decimal(21,9) not null default 0,
`allocated_amount` decimal(21,9) not null default 0,
`available_amount` decimal(21,9) not null default 0,
`deposit_date` date,
`allocated_date` date,
`refund_amount` decimal(21,9) not null default 0,
`refund_date` date,
`amended_from` varchar(140),
`_user_tags` text,
`_comments` text,
`_assign` text,
`_liked_by` text,
index `loan`(`loan`),
index modified(modified))
			ENGINE=InnoDB
			ROW_FORMAT=DYNAMIC
			CHARACTER SET=utf8mb4
			COLLATE=utf8mb4_unicode_ci
2026-02-13 21:08:10,306 WARNING database DDL Query made to DB:
create table `tabLoan Security Price` (
			name varchar(140) primary key,
			creation datetime(6),
			modified datetime(6),
			modified_by varchar(140),
			owner varchar(140),
			docstatus int(1) not null default '0',
			idx int(8) not null default '0',
			`loan_security` varchar(140),
`loan_security_name` varchar(140),
`loan_security_type` varchar(140),
`loan_security_price` decimal(21,9) not null default 0,
`valid_from` datetime(6),
`valid_upto` datetime(6),
`_user_tags` text,
`_comments` text,
`_assign` text,
`_liked_by` text,
index modified(modified))
			ENGINE=InnoDB
			ROW_FORMAT=DYNAMIC
			CHARACTER SET=utf8mb4
			COLLATE=utf8mb4_unicode_ci
2026-02-13 21:08:10,394 WARNING database DDL Query made to DB:
create table `tabProcess Loan Restructure Limit` (
			name varchar(140) primary key,
			creation datetime(6),
			modified datetime(6),
			modified_by varchar(140),
			owner varchar(140),
			docstatus int(1) not null default '0',
			idx int(8) not null default '0',
			`posting_date` date,
`amended_from` varchar(140),
`_user_tags` text,
`_comments` text,
`_assign` text,
`_liked_by` text,
index modified(modified))
			ENGINE=InnoDB
			ROW_FORMAT=DYNAMIC
			CHARACTER SET=utf8mb4
			COLLATE=utf8mb4_unicode_ci
2026-02-13 21:08:10,511 WARNING database DDL Query made to DB:
create table `tabPrepayment Charges` (
			name varchar(140) primary key,
			creation datetime(6),
			modified datetime(6),
			modified_by varchar(140),
			owner varchar(140),
			docstatus int(1) not null default '0',
			idx int(8) not null default '0',
			`charge` varchar(140),
`amount` decimal(21,9) not null default 0,
parent varchar(140),
parentfield varchar(140),
parenttype varchar(140),
index parent(parent))
			ENGINE=InnoDB
			ROW_FORMAT=DYNAMIC
			CHARACTER SET=utf8mb4
			COLLATE=utf8mb4_unicode_ci
2026-02-13 21:08:10,579 WARNING database DDL Query made to DB:
create table `tabLoan Accrual Repost Detail` (
			name varchar(140) primary key,
			creation datetime(6),
			modified datetime(6),
			modified_by varchar(140),
			owner varchar(140),
			docstatus int(1) not null default '0',
			idx int(8) not null default '0',
			`loan` varchar(140),
parent varchar(140),
parentfield varchar(140),
parenttype varchar(140),
index parent(parent))
			ENGINE=InnoDB
			ROW_FORMAT=DYNAMIC
			CHARACTER SET=utf8mb4
			COLLATE=utf8mb4_unicode_ci
2026-02-13 21:08:10,695 WARNING database DDL Query made to DB:
create table `tabLoan Product` (
			name varchar(140) primary key,
			creation datetime(6),
			modified datetime(6),
			modified_by varchar(140),
			owner varchar(140),
			docstatus int(1) not null default '0',
			idx int(8) not null default '0',
			`product_code` varchar(140) unique,
`product_name` varchar(140) unique,
`rate_of_interest` decimal(21,9) not null default 0,
`loan_category` varchar(140),
`maximum_loan_amount` decimal(21,9) not null default 0,
`penalty_interest_rate` decimal(21,9) not null default 0,
`bpi_recovery_method` varchar(140) default 'Upfront Deduction',
`company` varchar(140),
`cyclic_day_of_the_month` int(11) not null default 0,
`repayment_date_on` varchar(140),
`repayment_schedule_type` varchar(140),
`days_past_due_threshold_for_npa` int(11) not null default 0,
`is_term_loan` int(1) not null default 0,
`validate_normal_repayment` int(1) not null default 0,
`disabled` int(1) not null default 0,
`collection_offset_sequence_for_standard_asset` varchar(140),
`collection_offset_sequence_for_sub_standard_asset` varchar(140),
`collection_offset_sequence_for_written_off_asset` varchar(140),
`collection_offset_sequence_for_settlement_collection` varchar(140),
`min_days_bw_disbursement_first_repayment` int(11) not null default 0,
`excess_amount_acceptance_limit` decimal(21,9) not null default 0,
`write_off_amount` decimal(21,9) not null default 0,
`grace_period_in_days` int(11) not null default 0,
`amended_from` varchar(140),
`disbursement_account` varchar(140),
`payment_account` varchar(140),
`subsidy_adjustment_account` varchar(140),
`loan_account` varchar(140),
`security_deposit_account` varchar(140),
`suspense_collection_account` varchar(140),
`customer_refund_account` varchar(140),
`interest_income_account` varchar(140),
`interest_accrued_account` varchar(140),
`interest_waiver_account` varchar(140),
`interest_receivable_account` varchar(140),
`suspense_interest_income` varchar(140),
`broken_period_interest_recovery_account` varchar(140),
`same_as_regular_interest_accounts` int(1) not null default 0,
`additional_interest_income` varchar(140),
`additional_interest_accrued` varchar(140),
`additional_interest_receivable` varchar(140),
`additional_interest_suspense` varchar(140),
`additional_interest_waiver` varchar(140),
`penalty_income_account` varchar(140),
`penalty_accrued_account` varchar(140),
`penalty_waiver_account` varchar(140),
`penalty_receivable_account` varchar(140),
`penalty_suspense_account` varchar(140),
`write_off_account` varchar(140),
`write_off_recovery_account` varchar(140),
`_user_tags` text,
`_comments` text,
`_assign` text,
`_liked_by` text,
index modified(modified))
			ENGINE=InnoDB
			ROW_FORMAT=DYNAMIC
			CHARACTER SET=utf8mb4
			COLLATE=utf8mb4_unicode_ci
2026-02-13 21:08:10,794 WARNING database DDL Query made to DB:
create table `tabLoan Balance Adjustment` (
			name varchar(140) primary key,
			creation datetime(6),
			modified datetime(6),
			modified_by varchar(140),
			owner varchar(140),
			docstatus int(1) not null default '0',
			idx int(8) not null default '0',
			`loan` varchar(140),
`applicant_type` varchar(140),
`applicant` varchar(140),
`company` varchar(140),
`posting_date` date,
`cost_center` varchar(140),
`adjustment_account` varchar(140),
`adjustment_receivable_account` varchar(140),
`reference_document_type` varchar(140),
`reference_name` varchar(140),
`adjustment_type` varchar(140),
`amount` decimal(21,9) not null default 0,
`reference_number` varchar(140),
`remarks` varchar(140),
`amended_from` varchar(140),
`_user_tags` text,
`_comments` text,
`_assign` text,
`_liked_by` text,
index modified(modified))
			ENGINE=InnoDB
			ROW_FORMAT=DYNAMIC
			CHARACTER SET=utf8mb4
			COLLATE=utf8mb4_unicode_ci
2026-02-13 21:08:10,946 WARNING database DDL Query made to DB:
create table `tabLoan` (
			name varchar(140) primary key,
			creation datetime(6),
			modified datetime(6),
			modified_by varchar(140),
			owner varchar(140),
			docstatus int(1) not null default '0',
			idx int(8) not null default '0',
			`applicant_type` varchar(140),
`applicant` varchar(140),
`applicant_name` varchar(140),
`loan_application` varchar(140),
`company` varchar(140),
`posting_date` date,
`status` varchar(140),
`loan_product` varchar(140),
`loan_amount` decimal(21,9) not null default 0,
`loan_partner` varchar(140),
`loan_category` varchar(140),
`repayment_schedule_type` varchar(140),
`cancellation_date` date,
`settlement_date` date,
`rate_of_interest` decimal(21,9) not null default 0,
`penalty_charges_rate` decimal(21,9) not null default 0,
`disbursement_date` date,
`disbursed_amount` decimal(21,9) not null default 0,
`closure_date` date,
`maximum_loan_amount` decimal(21,9) not null default 0,
`is_secured_loan` int(1) not null default 0,
`is_term_loan` int(1) not null default 0,
`repayment_start_date` date,
`repayment_frequency` varchar(140),
`monthly_repayment_amount` decimal(21,9) not null default 0,
`repayment_method` varchar(140),
`repayment_periods` int(11) not null default 0,
`moratorium_type` varchar(140),
`moratorium_tenure` int(11) not null default 0,
`treatment_of_interest` varchar(140),
`limit_applicable_start` date,
`maximum_limit_amount` decimal(21,9) not null default 0,
`limit_applicable_end` date,
`utilized_limit_amount` decimal(21,9) not null default 0,
`available_limit_amount` decimal(21,9) not null default 0,
`days_past_due` int(11) not null default 0,
`classification_code` varchar(140),
`classification_name` varchar(140),
`loan_restructure_count` int(11) not null default 0,
`watch_period_end_date` date,
`tenure_post_restructure` int(11) not null default 0,
`cost_center` varchar(140),
`disbursement_account` varchar(140),
`payment_account` varchar(140),
`loan_account` varchar(140),
`interest_income_account` varchar(140),
`penalty_income_account` varchar(140),
`total_payment` decimal(21,9) not null default 0,
`total_interest_payable` decimal(21,9) not null default 0,
`total_principal_paid` decimal(21,9) not null default 0,
`amended_from` varchar(140),
`total_amount_paid` decimal(21,9) not null default 0,
`is_npa` int(1) not null default 0,
`manual_npa` int(1) not null default 0,
`unmark_npa` int(1) not null default 0,
`freeze_account` int(1) not null default 0,
`freeze_date` date,
`fldg_triggered` int(1) not null default 0,
`fldg_trigger_date` date,
`written_off_amount` decimal(21,9) not null default 0,
`debit_adjustment_amount` decimal(21,9) not null default 0,
`credit_adjustment_amount` decimal(21,9) not null default 0,
`refund_amount` decimal(21,9) not null default 0,
`excess_amount_paid` decimal(21,9) not null default 0,
`_user_tags` text,
`_comments` text,
`_assign` text,
`_liked_by` text,
index `applicant_type`(`applicant_type`),
index `applicant`(`applicant`),
index `status`(`status`),
index modified(modified))
			ENGINE=InnoDB
			ROW_FORMAT=DYNAMIC
			CHARACTER SET=utf8mb4
			COLLATE=utf8mb4_unicode_ci
2026-02-13 21:08:11,016 WARNING database DDL Query made to DB:
create table `tabLoan Partner Adhoc Charges Shared` (
			name varchar(140) primary key,
			creation datetime(6),
			modified datetime(6),
			modified_by varchar(140),
			owner varchar(140),
			docstatus int(1) not null default '0',
			idx int(8) not null default '0',
			`charge_type` varchar(140),
`sharing_parameter` varchar(140),
`partner_ratio` decimal(21,9) not null default 0,
`own_ratio` decimal(21,9) not null default 0,
`partner_percentage` decimal(21,9) not null default 0,
parent varchar(140),
parentfield varchar(140),
parenttype varchar(140),
index parent(parent))
			ENGINE=InnoDB
			ROW_FORMAT=DYNAMIC
			CHARACTER SET=utf8mb4
			COLLATE=utf8mb4_unicode_ci
2026-02-13 21:08:11,090 WARNING database DDL Query made to DB:
create table `tabLoan Disbursement Charge` (
			name varchar(140) primary key,
			creation datetime(6),
			modified datetime(6),
			modified_by varchar(140),
			owner varchar(140),
			docstatus int(1) not null default '0',
			idx int(8) not null default '0',
			`charge` varchar(140),
`amount` decimal(21,9) not null default 0,
`account` varchar(140),
parent varchar(140),
parentfield varchar(140),
parenttype varchar(140),
index parent(parent))
			ENGINE=InnoDB
			ROW_FORMAT=DYNAMIC
			CHARACTER SET=utf8mb4
			COLLATE=utf8mb4_unicode_ci
2026-02-13 21:08:11,180 WARNING database DDL Query made to DB:
create table `tabLoan Adjustment` (
			name varchar(140) primary key,
			creation datetime(6),
			modified datetime(6),
			modified_by varchar(140),
			owner varchar(140),
			docstatus int(1) not null default '0',
			idx int(8) not null default '0',
			`loan` varchar(140),
`loan_disbursement` varchar(140),
`foreclosure_type` varchar(140),
`posting_date` datetime(6),
`payment_account` varchar(140),
`amended_from` varchar(140),
`_user_tags` text,
`_comments` text,
`_assign` text,
`_liked_by` text,
index `loan`(`loan`),
index `amended_from`(`amended_from`),
index modified(modified))
			ENGINE=InnoDB
			ROW_FORMAT=DYNAMIC
			CHARACTER SET=utf8mb4
			COLLATE=utf8mb4_unicode_ci
2026-02-13 21:08:11,303 WARNING database DDL Query made to DB:
create table `tabLoan Demand` (
			name varchar(140) primary key,
			creation datetime(6),
			modified datetime(6),
			modified_by varchar(140),
			owner varchar(140),
			docstatus int(1) not null default '0',
			idx int(8) not null default '0',
			`applicant_type` varchar(140),
`applicant` varchar(140),
`loan_repayment` varchar(140),
`company` varchar(140),
`demand_date` datetime(6),
`posting_date` datetime(6),
`loan` varchar(140),
`loan_repayment_schedule` varchar(140),
`loan_disbursement` varchar(140),
`disbursement_date` date,
`repayment_schedule_detail` varchar(140),
`sales_invoice` varchar(140),
`loan_product` varchar(140),
`is_term_loan` int(1) not null default 0,
`demand_type` varchar(140),
`demand_subtype` varchar(140),
`invoice_date` date,
`demand_amount` decimal(21,9) not null default 0,
`paid_amount` decimal(21,9) not null default 0,
`waived_amount` decimal(21,9) not null default 0,
`outstanding_amount` decimal(21,9) not null default 0,
`cost_center` varchar(140),
`amended_from` varchar(140),
`process_loan_demand` varchar(140),
`loan_partner` varchar(140),
`partner_share_allocated` decimal(21,9) not null default 0,
`partner_share` decimal(21,9) not null default 0,
`_user_tags` text,
`_comments` text,
`_assign` text,
`_liked_by` text,
index `applicant_type`(`applicant_type`),
index `demand_date`(`demand_date`),
index `loan`(`loan`),
index `loan_repayment_schedule`(`loan_repayment_schedule`),
index `loan_disbursement`(`loan_disbursement`),
index `repayment_schedule_detail`(`repayment_schedule_detail`),
index `sales_invoice`(`sales_invoice`),
index modified(modified))
			ENGINE=InnoDB
			ROW_FORMAT=DYNAMIC
			CHARACTER SET=utf8mb4
			COLLATE=utf8mb4_unicode_ci
2026-02-13 21:08:11,385 WARNING database DDL Query made to DB:
ALTER TABLE `tabLoan Demand`
				ADD INDEX IF NOT EXISTS `loan_docstatus_demand_subtype_demand_date_index`(loan, docstatus, demand_subtype, demand_date)
2026-02-13 21:08:11,434 WARNING database DDL Query made to DB:
create table `tabLoan Charge Reference` (
			name varchar(140) primary key,
			creation datetime(6),
			modified datetime(6),
			modified_by varchar(140),
			owner varchar(140),
			docstatus int(1) not null default '0',
			idx int(8) not null default '0',
			`sales_invoice` varchar(140),
`charge` varchar(140),
`pending_charge_amount` decimal(21,9) not null default 0,
`allocated_amount` decimal(21,9) not null default 0,
index `sales_invoice`(`sales_invoice`),
parent varchar(140),
parentfield varchar(140),
parenttype varchar(140),
index parent(parent))
			ENGINE=InnoDB
			ROW_FORMAT=DYNAMIC
			CHARACTER SET=utf8mb4
			COLLATE=utf8mb4_unicode_ci
2026-02-13 21:08:11,567 WARNING database DDL Query made to DB:
create table `tabLoan Restructure Limit Log` (
			name varchar(140) primary key,
			creation datetime(6),
			modified datetime(6),
			modified_by varchar(140),
			owner varchar(140),
			docstatus int(1) not null default '0',
			idx int(8) not null default '0',
			`branch` varchar(140),
`date` date,
`company` varchar(140),
`principal_outstanding` decimal(21,9) not null default 0,
`limit_percent` decimal(21,9) not null default 0,
`limit_amount` decimal(21,9) not null default 0,
`utilized_limit` decimal(21,9) not null default 0,
`in_process_limit` decimal(21,9) not null default 0,
`available_limit` decimal(21,9) not null default 0,
`delinquent_principal_outstanding` decimal(21,9) not null default 0,
`delinquent_limit_percent` decimal(21,9) not null default 0,
`delinquent_limit_amount` decimal(21,9) not null default 0,
`delinquent_utilized_limit` decimal(21,9) not null default 0,
`delinquent_in_process_limit` decimal(21,9) not null default 0,
`delinquent_available_limit` decimal(21,9) not null default 0,
`_user_tags` text,
`_comments` text,
`_assign` text,
`_liked_by` text,
index modified(modified))
			ENGINE=InnoDB
			ROW_FORMAT=DYNAMIC
			CHARACTER SET=utf8mb4
			COLLATE=utf8mb4_unicode_ci
2026-02-13 21:08:11,711 WARNING database DDL Query made to DB:
create table `tabLoan Classification Range` (
			name varchar(140) primary key,
			creation datetime(6),
			modified datetime(6),
			modified_by varchar(140),
			owner varchar(140),
			docstatus int(1) not null default '0',
			idx int(8) not null default '0',
			`classification_code` varchar(140),
`classification_name` varchar(140),
`min_dpd_range` int(11) not null default 0,
`max_dpd_range` int(11) not null default 0,
`is_written_off` int(1) not null default 0,
parent varchar(140),
parentfield varchar(140),
parenttype varchar(140),
index parent(parent))
			ENGINE=InnoDB
			ROW_FORMAT=DYNAMIC
			CHARACTER SET=utf8mb4
			COLLATE=utf8mb4_unicode_ci
2026-02-13 21:08:11,812 WARNING database DDL Query made to DB:
create table `tabLoan Charges` (
			name varchar(140) primary key,
			creation datetime(6),
			modified datetime(6),
			modified_by varchar(140),
			owner varchar(140),
			docstatus int(1) not null default '0',
			idx int(8) not null default '0',
			`charge_type` varchar(140),
`charge_based_on` varchar(140),
`percentage` decimal(21,9) not null default 0,
`amount` decimal(21,9) not null default 0,
`income_account` varchar(140),
`waiver_account` varchar(140),
`suspense_account` varchar(140),
`receivable_account` varchar(140),
`write_off_account` varchar(140),
parent varchar(140),
parentfield varchar(140),
parenttype varchar(140),
index parent(parent))
			ENGINE=InnoDB
			ROW_FORMAT=DYNAMIC
			CHARACTER SET=utf8mb4
			COLLATE=utf8mb4_unicode_ci
2026-02-13 21:08:11,900 WARNING database DDL Query made to DB:
create table `tabLoan Limit Change Log` (
			name varchar(140) primary key,
			creation datetime(6),
			modified datetime(6),
			modified_by varchar(140),
			owner varchar(140),
			docstatus int(1) not null default '0',
			idx int(8) not null default '0',
			`loan` varchar(140),
`event` varchar(140),
`change_date` date,
`value_type` varchar(140),
`value_change` decimal(21,9) not null default 0,
`_user_tags` text,
`_comments` text,
`_assign` text,
`_liked_by` text,
index `loan`(`loan`),
index modified(modified))
			ENGINE=InnoDB
			ROW_FORMAT=DYNAMIC
			CHARACTER SET=utf8mb4
			COLLATE=utf8mb4_unicode_ci
2026-02-13 21:08:12,000 WARNING database DDL Query made to DB:
create table `tabLoan Repayment Repost` (
			name varchar(140) primary key,
			creation datetime(6),
			modified datetime(6),
			modified_by varchar(140),
			owner varchar(140),
			docstatus int(1) not null default '0',
			idx int(8) not null default '0',
			`loan` varchar(140),
`loan_disbursement` varchar(140),
`clear_demand_allocation_before_repost` int(1) not null default 0,
`delete_gl_entries` int(1) not null default 0,
`repost_date` date,
`cancel_future_accruals_and_demands` int(1) not null default 0,
`ignore_on_cancel_amount_update` int(1) not null default 0,
`cancel_future_emi_demands` int(1) not null default 0,
`amended_from` varchar(140),
`_user_tags` text,
`_comments` text,
`_assign` text,
`_liked_by` text,
index `loan_disbursement`(`loan_disbursement`),
index `amended_from`(`amended_from`),
index modified(modified))
			ENGINE=InnoDB
			ROW_FORMAT=DYNAMIC
			CHARACTER SET=utf8mb4
			COLLATE=utf8mb4_unicode_ci
2026-02-13 21:08:12,104 WARNING database DDL Query made to DB:
create table `tabLoan Security Shortfall` (
			name varchar(140) primary key,
			creation datetime(6),
			modified datetime(6),
			modified_by varchar(140),
			owner varchar(140),
			docstatus int(1) not null default '0',
			idx int(8) not null default '0',
			`loan` varchar(140),
`applicant_type` varchar(140),
`applicant` varchar(140),
`status` varchar(140) default 'Pending',
`shortfall_time` datetime(6),
`loan_amount` decimal(21,9) not null default 0,
`shortfall_amount` decimal(21,9) not null default 0,
`security_value` decimal(21,9) not null default 0,
`shortfall_percentage` decimal(21,9) not null default 0,
`process_loan_security_shortfall` varchar(140),
`_user_tags` text,
`_comments` text,
`_assign` text,
`_liked_by` text,
index modified(modified))
			ENGINE=InnoDB
			ROW_FORMAT=DYNAMIC
			CHARACTER SET=utf8mb4
			COLLATE=utf8mb4_unicode_ci
2026-02-13 21:08:12,206 WARNING database DDL Query made to DB:
create table `tabProcess Loan Classification` (
			name varchar(140) primary key,
			creation datetime(6),
			modified datetime(6),
			modified_by varchar(140),
			owner varchar(140),
			docstatus int(1) not null default '0',
			idx int(8) not null default '0',
			`posting_date` date,
`loan_product` varchar(140),
`loan` varchar(140),
`loan_disbursement` varchar(140),
`payment_reference` varchar(140),
`is_backdated` int(1) not null default 0,
`force_update_dpd_in_loan` int(1) not null default 0,
`amended_from` varchar(140),
`_user_tags` text,
`_comments` text,
`_assign` text,
`_liked_by` text,
index modified(modified))
			ENGINE=InnoDB
			ROW_FORMAT=DYNAMIC
			CHARACTER SET=utf8mb4
			COLLATE=utf8mb4_unicode_ci
2026-02-13 21:08:12,309 WARNING database DDL Query made to DB:
create table `tabLoan Security Release` (
			name varchar(140) primary key,
			creation datetime(6),
			modified datetime(6),
			modified_by varchar(140),
			owner varchar(140),
			docstatus int(1) not null default '0',
			idx int(8) not null default '0',
			`loan` varchar(140),
`applicant_type` varchar(140),
`applicant` varchar(140),
`company` varchar(140),
`unpledge_time` datetime(6),
`status` varchar(140) default 'Requested',
`reference_no` varchar(140),
`description` text,
`amended_from` varchar(140),
`_user_tags` text,
`_comments` text,
`_assign` text,
`_liked_by` text,
index `loan`(`loan`),
index modified(modified))
			ENGINE=InnoDB
			ROW_FORMAT=DYNAMIC
			CHARACTER SET=utf8mb4
			COLLATE=utf8mb4_unicode_ci
2026-02-13 21:08:12,410 WARNING database DDL Query made to DB:
create table `tabLoan Repayment Repost Detail` (
			name varchar(140) primary key,
			creation datetime(6),
			modified datetime(6),
			modified_by varchar(140),
			owner varchar(140),
			docstatus int(1) not null default '0',
			idx int(8) not null default '0',
			`loan_repayment` varchar(140),
`posting_date` date,
parent varchar(140),
parentfield varchar(140),
parenttype varchar(140),
index parent(parent))
			ENGINE=InnoDB
			ROW_FORMAT=DYNAMIC
			CHARACTER SET=utf8mb4
			COLLATE=utf8mb4_unicode_ci
2026-02-13 21:08:12,549 WARNING database DDL Query made to DB:
create table `tabCo-Lender Schedule` (
			name varchar(140) primary key,
			creation datetime(6),
			modified datetime(6),
			modified_by varchar(140),
			owner varchar(140),
			docstatus int(1) not null default '0',
			idx int(8) not null default '0',
			`payment_date` date,
`number_of_days` int(11) not null default 0,
`principal_amount` decimal(21,9) not null default 0,
`interest_amount` decimal(21,9) not null default 0,
`total_payment` decimal(21,9) not null default 0,
`balance_loan_amount` decimal(21,9) not null default 0,
index `payment_date`(`payment_date`),
parent varchar(140),
parentfield varchar(140),
parenttype varchar(140),
index parent(parent))
			ENGINE=InnoDB
			ROW_FORMAT=DYNAMIC
			CHARACTER SET=utf8mb4
			COLLATE=utf8mb4_unicode_ci
2026-02-13 21:08:12,665 WARNING database DDL Query made to DB:
create table `tabLoan Demand Offset Detail` (
			name varchar(140) primary key,
			creation datetime(6),
			modified datetime(6),
			modified_by varchar(140),
			owner varchar(140),
			docstatus int(1) not null default '0',
			idx int(8) not null default '0',
			`demand_type` varchar(140),
parent varchar(140),
parentfield varchar(140),
parenttype varchar(140),
index parent(parent))
			ENGINE=InnoDB
			ROW_FORMAT=DYNAMIC
			CHARACTER SET=utf8mb4
			COLLATE=utf8mb4_unicode_ci
2026-02-13 21:08:12,801 WARNING database DDL Query made to DB:
create table `tabLoan Partner Address` (
			name varchar(140) primary key,
			creation datetime(6),
			modified datetime(6),
			modified_by varchar(140),
			owner varchar(140),
			docstatus int(1) not null default '0',
			idx int(8) not null default '0',
			`address` varchar(140),
`primary` int(1) not null default 0,
parent varchar(140),
parentfield varchar(140),
parenttype varchar(140),
index parent(parent))
			ENGINE=InnoDB
			ROW_FORMAT=DYNAMIC
			CHARACTER SET=utf8mb4
			COLLATE=utf8mb4_unicode_ci
2026-02-13 21:08:12,924 WARNING database DDL Query made to DB:
create table `tabLoan Security Assignment` (
			name varchar(140) primary key,
			creation datetime(6),
			modified datetime(6),
			modified_by varchar(140),
			owner varchar(140),
			docstatus int(1) not null default '0',
			idx int(8) not null default '0',
			`loan` varchar(140),
`loan_application` varchar(140),
`applicant_type` varchar(140),
`applicant` varchar(140),
`company` varchar(140),
`pledge_time` datetime(6),
`release_time` datetime(6),
`status` varchar(140) default 'Pledge Requested',
`total_security_value` decimal(21,9) not null default 0,
`maximum_loan_value` decimal(21,9) not null default 0,
`reference_no` varchar(140),
`description` text,
`amended_from` varchar(140),
`_user_tags` text,
`_comments` text,
`_assign` text,
`_liked_by` text,
index `loan`(`loan`),
index modified(modified))
			ENGINE=InnoDB
			ROW_FORMAT=DYNAMIC
			CHARACTER SET=utf8mb4
			COLLATE=utf8mb4_unicode_ci
2026-02-13 21:08:13,164 WARNING database DDL Query made to DB:
create table `tabProcess Loan Demand` (
			name varchar(140) primary key,
			creation datetime(6),
			modified datetime(6),
			modified_by varchar(140),
			owner varchar(140),
			docstatus int(1) not null default '0',
			idx int(8) not null default '0',
			`posting_date` date,
`amended_from` varchar(140),
`loan_product` varchar(140),
`loan` varchar(140),
`loan_disbursement` varchar(140),
`_user_tags` text,
`_comments` text,
`_assign` text,
`_liked_by` text,
index `amended_from`(`amended_from`),
index modified(modified))
			ENGINE=InnoDB
			ROW_FORMAT=DYNAMIC
			CHARACTER SET=utf8mb4
			COLLATE=utf8mb4_unicode_ci
2026-02-13 21:08:13,341 WARNING database DDL Query made to DB:
create table `tabPledge` (
			name varchar(140) primary key,
			creation datetime(6),
			modified datetime(6),
			modified_by varchar(140),
			owner varchar(140),
			docstatus int(1) not null default '0',
			idx int(8) not null default '0',
			`loan_security` varchar(140),
`loan_security_name` varchar(140),
`loan_security_type` varchar(140),
`loan_security_code` varchar(140),
`qty` decimal(21,9) not null default 0,
`haircut` decimal(21,9) not null default 0,
`loan_security_price` decimal(21,9) not null default 0,
`amount` decimal(21,9) not null default 0,
`post_haircut_amount` decimal(21,9) not null default 0,
parent varchar(140),
parentfield varchar(140),
parenttype varchar(140),
index parent(parent))
			ENGINE=InnoDB
			ROW_FORMAT=DYNAMIC
			CHARACTER SET=utf8mb4
			COLLATE=utf8mb4_unicode_ci
2026-02-13 21:08:13,521 WARNING database DDL Query made to DB:
create table `tabLoan Repayment` (
			name varchar(140) primary key,
			creation datetime(6),
			modified datetime(6),
			modified_by varchar(140),
			owner varchar(140),
			docstatus int(1) not null default '0',
			idx int(8) not null default '0',
			`against_loan` varchar(140),
`applicant` varchar(140),
`repayment_type` varchar(140) default 'Normal Repayment',
`loan_disbursement` varchar(140),
`loan_adjustment` varchar(140),
`repayment_schedule_type` varchar(140),
`applicant_type` varchar(140),
`loan_product` varchar(140),
`bulk_repayment_log` varchar(140),
`full_settlement_job` varchar(140),
`company` varchar(140),
`posting_date` datetime(6),
`value_date` datetime(6),
`loan_restructure` varchar(140),
`clearance_date` date,
`rate_of_interest` decimal(21,9) not null default 0,
`days_past_due` int(11) not null default 0,
`mode_of_payment` varchar(140),
`is_term_loan` int(1) not null default 0,
`is_npa` int(1) not null default 0,
`is_write_off_waiver` int(1) not null default 0,
`is_backdated` int(1) not null default 0,
`due_date` date,
`pending_principal_amount` decimal(21,9) not null default 0,
`interest_payable` decimal(21,9) not null default 0,
`payable_amount` decimal(21,9) not null default 0,
`total_charges_payable` decimal(21,9) not null default 0,
`shortfall_amount` decimal(21,9) not null default 0,
`payable_principal_amount` decimal(21,9) not null default 0,
`penalty_amount` decimal(21,9) not null default 0,
`amount_paid` decimal(21,9) not null default 0,
`reference_number` varchar(140),
`total_interest_paid` decimal(21,9) not null default 0,
`total_penalty_paid` decimal(21,9) not null default 0,
`unbooked_interest_paid` decimal(21,9) not null default 0,
`unbooked_penalty_paid` decimal(21,9) not null default 0,
`reference_date` date,
`principal_amount_paid` decimal(21,9) not null default 0,
`total_charges_paid` decimal(21,9) not null default 0,
`excess_amount` decimal(21,9) not null default 0,
`manual_remarks` text,
`amended_from` varchar(140),
`cost_center` varchar(140),
`loan_partner` varchar(140),
`payment_account` varchar(140),
`penalty_income_account` varchar(140),
`loan_account` varchar(140),
`bank_account` varchar(140),
`total_partner_interest_share` decimal(21,9) not null default 0,
`total_partner_principal_share` decimal(21,9) not null default 0,
`loan_partner_interest_rate` decimal(21,9) not null default 0,
`loan_partner_payment_ratio` decimal(21,9) not null default 0,
`loan_partner_share_percentage` decimal(21,9) not null default 0,
`loan_partner_repayment_schedule_type` varchar(140),
`_user_tags` text,
`_comments` text,
`_assign` text,
`_liked_by` text,
index `against_loan`(`against_loan`),
index `loan_disbursement`(`loan_disbursement`),
index `loan_adjustment`(`loan_adjustment`),
index `applicant_type`(`applicant_type`),
index `loan_restructure`(`loan_restructure`),
index modified(modified))
			ENGINE=InnoDB
			ROW_FORMAT=DYNAMIC
			CHARACTER SET=utf8mb4
			COLLATE=utf8mb4_unicode_ci
2026-02-13 21:08:13,660 WARNING database DDL Query made to DB:
create table `tabLoan Freeze Log` (
			name varchar(140) primary key,
			creation datetime(6),
			modified datetime(6),
			modified_by varchar(140),
			owner varchar(140),
			docstatus int(1) not null default '0',
			idx int(8) not null default '0',
			`loan` varchar(140),
`freeze_date` date,
`unfreeze_date` date,
`reason_for_freezing` text,
`_user_tags` text,
`_comments` text,
`_assign` text,
`_liked_by` text,
index `loan`(`loan`),
index modified(modified))
			ENGINE=InnoDB
			ROW_FORMAT=DYNAMIC
			CHARACTER SET=utf8mb4
			COLLATE=utf8mb4_unicode_ci
2026-02-13 21:08:13,842 WARNING database DDL Query made to DB:
create table `tabLoan Write Off` (
			name varchar(140) primary key,
			creation datetime(6),
			modified datetime(6),
			modified_by varchar(140),
			owner varchar(140),
			docstatus int(1) not null default '0',
			idx int(8) not null default '0',
			`loan` varchar(140),
`loan_disbursement` varchar(140),
`applicant_type` varchar(140),
`applicant` varchar(140),
`loan_product` varchar(140),
`company` varchar(140),
`posting_date` date,
`value_date` date,
`is_npa` int(1) not null default 0,
`is_settlement_write_off` int(1) not null default 0,
`cost_center` varchar(140),
`write_off_account` varchar(140),
`write_off_amount` decimal(21,9) not null default 0,
`amended_from` varchar(140),
`_user_tags` text,
`_comments` text,
`_assign` text,
`_liked_by` text,
index `loan`(`loan`),
index modified(modified))
			ENGINE=InnoDB
			ROW_FORMAT=DYNAMIC
			CHARACTER SET=utf8mb4
			COLLATE=utf8mb4_unicode_ci
2026-02-13 21:08:13,956 WARNING database DDL Query made to DB:
create table `tabProcess Loan Security Shortfall` (
			name varchar(140) primary key,
			creation datetime(6),
			modified datetime(6),
			modified_by varchar(140),
			owner varchar(140),
			docstatus int(1) not null default '0',
			idx int(8) not null default '0',
			`update_time` datetime(6),
`amended_from` varchar(140),
`_user_tags` text,
`_comments` text,
`_assign` text,
`_liked_by` text,
index modified(modified))
			ENGINE=InnoDB
			ROW_FORMAT=DYNAMIC
			CHARACTER SET=utf8mb4
			COLLATE=utf8mb4_unicode_ci
2026-02-13 21:08:14,058 WARNING database DDL Query made to DB:
create table `tabLoan Classification` (
			name varchar(140) primary key,
			creation datetime(6),
			modified datetime(6),
			modified_by varchar(140),
			owner varchar(140),
			docstatus int(1) not null default '0',
			idx int(8) not null default '0',
			`classification_code` varchar(140) unique,
`classification_name` varchar(140),
`_user_tags` text,
`_comments` text,
`_assign` text,
`_liked_by` text,
index modified(modified))
			ENGINE=InnoDB
			ROW_FORMAT=DYNAMIC
			CHARACTER SET=utf8mb4
			COLLATE=utf8mb4_unicode_ci
2026-02-13 21:08:14,165 WARNING database DDL Query made to DB:
create table `tabLoan Security Type` (
			name varchar(140) primary key,
			creation datetime(6),
			modified datetime(6),
			modified_by varchar(140),
			owner varchar(140),
			docstatus int(1) not null default '0',
			idx int(8) not null default '0',
			`loan_security_type` varchar(140) unique,
`haircut` decimal(21,9) not null default 0,
`loan_to_value_ratio` decimal(21,9) not null default 0,
`disabled` int(1) not null default 0,
`_user_tags` text,
`_comments` text,
`_assign` text,
`_liked_by` text,
index modified(modified))
			ENGINE=InnoDB
			ROW_FORMAT=DYNAMIC
			CHARACTER SET=utf8mb4
			COLLATE=utf8mb4_unicode_ci
2026-02-13 21:08:14,295 WARNING database DDL Query made to DB:
create table `tabRepayment Schedule` (
			name varchar(140) primary key,
			creation datetime(6),
			modified datetime(6),
			modified_by varchar(140),
			owner varchar(140),
			docstatus int(1) not null default '0',
			idx int(8) not null default '0',
			`payment_date` date,
`number_of_days` int(11) not null default 0,
`principal_amount` decimal(21,9) not null default 0,
`interest_amount` decimal(21,9) not null default 0,
`total_payment` decimal(21,9) not null default 0,
`balance_loan_amount` decimal(21,9) not null default 0,
`demand_generated` int(1) not null default 0,
index `payment_date`(`payment_date`),
parent varchar(140),
parentfield varchar(140),
parenttype varchar(140),
index parent(parent))
			ENGINE=InnoDB
			ROW_FORMAT=DYNAMIC
			CHARACTER SET=utf8mb4
			COLLATE=utf8mb4_unicode_ci
2026-02-13 21:08:14,380 WARNING database DDL Query made to DB:
create table `tabLoan Repayment Detail` (
			name varchar(140) primary key,
			creation datetime(6),
			modified datetime(6),
			modified_by varchar(140),
			owner varchar(140),
			docstatus int(1) not null default '0',
			idx int(8) not null default '0',
			`loan_demand` varchar(140),
`paid_amount` decimal(21,9) not null default 0,
`demand_type` varchar(140),
`demand_subtype` varchar(140),
`sales_invoice` varchar(140),
`partner_share` decimal(21,9) not null default 0,
index `loan_demand`(`loan_demand`),
index `sales_invoice`(`sales_invoice`),
parent varchar(140),
parentfield varchar(140),
parenttype varchar(140),
index parent(parent))
			ENGINE=InnoDB
			ROW_FORMAT=DYNAMIC
			CHARACTER SET=utf8mb4
			COLLATE=utf8mb4_unicode_ci
2026-02-13 21:08:14,476 WARNING database DDL Query made to DB:
create table `tabLoan Transfer Detail` (
			name varchar(140) primary key,
			creation datetime(6),
			modified datetime(6),
			modified_by varchar(140),
			owner varchar(140),
			docstatus int(1) not null default '0',
			idx int(8) not null default '0',
			`loan` varchar(140),
parent varchar(140),
parentfield varchar(140),
parenttype varchar(140),
index parent(parent))
			ENGINE=InnoDB
			ROW_FORMAT=DYNAMIC
			CHARACTER SET=utf8mb4
			COLLATE=utf8mb4_unicode_ci
2026-02-13 21:08:14,569 WARNING database DDL Query made to DB:
create table `tabUnpledge` (
			name varchar(140) primary key,
			creation datetime(6),
			modified datetime(6),
			modified_by varchar(140),
			owner varchar(140),
			docstatus int(1) not null default '0',
			idx int(8) not null default '0',
			`loan_security` varchar(140),
`loan_security_name` varchar(140),
`loan_security_type` varchar(140),
`loan_security_code` varchar(140),
`haircut` decimal(21,9) not null default 0,
`qty` decimal(21,9) not null default 0,
parent varchar(140),
parentfield varchar(140),
parenttype varchar(140),
index parent(parent))
			ENGINE=InnoDB
			ROW_FORMAT=DYNAMIC
			CHARACTER SET=utf8mb4
			COLLATE=utf8mb4_unicode_ci
2026-02-13 21:08:14,687 WARNING database DDL Query made to DB:
create table `tabLoan Restructure` (
			name varchar(140) primary key,
			creation datetime(6),
			modified datetime(6),
			modified_by varchar(140),
			owner varchar(140),
			docstatus int(1) not null default '0',
			idx int(8) not null default '0',
			`loan` varchar(140),
`loan_disbursement` varchar(140),
`applicant_type` varchar(140),
`applicant` varchar(140),
`repayment_method` varchar(140),
`restructure_type` varchar(140),
`status` varchar(140),
`total_amount_paid` decimal(21,9) not null default 0,
`total_principal_paid` decimal(21,9) not null default 0,
`company` varchar(140),
`restructure_date` datetime(6),
`reason_for_restructure` text,
`old_repayment_frequency` varchar(140),
`moratorium_end_date` date,
`is_npa` int(1) not null default 0,
`loan_product` varchar(140),
`old_tenure` int(11) not null default 0,
`completed_tenure` int(11) not null default 0,
`old_rate_of_interest` decimal(21,9) not null default 0,
`old_loan_amount` decimal(21,9) not null default 0,
`old_emi` decimal(21,9) not null default 0,
`current_restructure_count` int(11) not null default 0,
`pre_restructure_dpd` int(11) not null default 0,
`disbursed_amount` decimal(21,9) not null default 0,
`total_overdue_amount` decimal(21,9) not null default 0,
`restructure_charges` decimal(21,9) not null default 0,
`waive_off_restructure_charges` int(1) not null default 0,
`pending_principal_amount` decimal(21,9) not null default 0,
`available_security_deposit` decimal(21,9) not null default 0,
`principal_overdue` decimal(21,9) not null default 0,
`principal_adjusted` decimal(21,9) not null default 0,
`balance_principal` decimal(21,9) not null default 0,
`interest_overdue` decimal(21,9) not null default 0,
`unaccrued_interest` decimal(21,9) not null default 0,
`penalty_overdue` decimal(21,9) not null default 0,
`charges_overdue` decimal(21,9) not null default 0,
`adjusted_interest_amount` decimal(21,9) not null default 0,
`adjusted_unaccrued_interest` decimal(21,9) not null default 0,
`interest_waiver_amount` decimal(21,9) not null default 0,
`unaccrued_interest_waiver` decimal(21,9) not null default 0,
`penal_interest_waiver` decimal(21,9) not null default 0,
`other_charges_waiver` decimal(21,9) not null default 0,
`balance_interest_amount` decimal(21,9) not null default 0,
`balance_unaccrued_interest` decimal(21,9) not null default 0,
`balance_penalty_amount` decimal(21,9) not null default 0,
`balance_charges` decimal(21,9) not null default 0,
`treatment_of_normal_interest` varchar(140) default 'Add To First EMI',
`unaccrued_interest_treatment` varchar(140) default 'Add To First EMI',
`treatment_of_penal_interest` varchar(140) default 'Capitalize',
`treatment_of_other_charges` varchar(140) default 'Capitalize',
`new_rate_of_interest` decimal(21,9) not null default 0,
`repayment_start_date` date,
`loan_repayment` varchar(140),
`new_repayment_method` varchar(140),
`new_repayment_period_in_months` int(11) not null default 0,
`new_monthly_repayment_amount` decimal(21,9) not null default 0,
`new_loan_amount` decimal(21,9) not null default 0,
`amended_from` varchar(140),
`_user_tags` text,
`_comments` text,
`_assign` text,
`_liked_by` text,
index `loan`(`loan`),
index `loan_repayment`(`loan_repayment`),
index modified(modified))
			ENGINE=InnoDB
			ROW_FORMAT=DYNAMIC
			CHARACTER SET=utf8mb4
			COLLATE=utf8mb4_unicode_ci
2026-02-13 21:08:14,765 WARNING database DDL Query made to DB:
create table `tabSanctioned Loan Amount` (
			name varchar(140) primary key,
			creation datetime(6),
			modified datetime(6),
			modified_by varchar(140),
			owner varchar(140),
			docstatus int(1) not null default '0',
			idx int(8) not null default '0',
			`applicant_type` varchar(140),
`applicant` varchar(140),
`company` varchar(140),
`sanctioned_amount_limit` decimal(21,9) not null default 0,
`_user_tags` text,
`_comments` text,
`_assign` text,
`_liked_by` text,
index modified(modified))
			ENGINE=InnoDB
			ROW_FORMAT=DYNAMIC
			CHARACTER SET=utf8mb4
			COLLATE=utf8mb4_unicode_ci
2026-02-13 21:08:14,892 WARNING database DDL Query made to DB:
create table `tabLoan Repayment Schedule` (
			name varchar(140) primary key,
			creation datetime(6),
			modified datetime(6),
			modified_by varchar(140),
			owner varchar(140),
			docstatus int(1) not null default '0',
			idx int(8) not null default '0',
			`loan` varchar(140),
`loan_disbursement` varchar(140),
`loan_amount` decimal(21,9) not null default 0,
`current_principal_amount` decimal(21,9) not null default 0,
`rate_of_interest` decimal(21,9) not null default 0,
`company` varchar(140),
`posting_date` datetime(6),
`repayment_frequency` varchar(140),
`repayment_start_date` date,
`maturity_date` date,
`total_installments_paid` int(11) not null default 0,
`total_installments_raised` int(11) not null default 0,
`total_installments_overdue` int(11) not null default 0,
`loan_product` varchar(140),
`repayment_method` varchar(140),
`repayment_periods` int(11) not null default 0,
`repayment_schedule_type` varchar(140),
`repayment_date_on` varchar(140),
`disbursed_amount` decimal(21,9) not null default 0,
`monthly_repayment_amount` decimal(21,9) not null default 0,
`partner_monthly_repayment_amount` decimal(21,9) not null default 0,
`loan_restructure` varchar(140),
`restructure_type` varchar(140),
`broken_period_interest` decimal(21,9) not null default 0,
`status` varchar(140),
`amended_from` varchar(140),
`moratorium_type` varchar(140),
`moratorium_tenure` int(11) not null default 0,
`treatment_of_interest` varchar(140),
`moratorium_end_date` date,
`adjusted_interest` decimal(21,9) not null default 0,
`broken_period_interest_days` int(11) not null default 0,
`loan_partner` varchar(140),
`loan_partner_rate_of_interest` decimal(21,9) not null default 0,
`partner_base_interest_rate` decimal(21,9) not null default 0,
`partner_loan_share_percentage` decimal(21,9) not null default 0,
`partner_repayment_schedule_type` varchar(140),
`_user_tags` text,
`_comments` text,
`_assign` text,
`_liked_by` text,
index `loan`(`loan`),
index `loan_disbursement`(`loan_disbursement`),
index `posting_date`(`posting_date`),
index `loan_restructure`(`loan_restructure`),
index modified(modified))
			ENGINE=InnoDB
			ROW_FORMAT=DYNAMIC
			CHARACTER SET=utf8mb4
			COLLATE=utf8mb4_unicode_ci
2026-02-13 21:08:14,981 WARNING database DDL Query made to DB:
create table `tabLoan Category` (
			name varchar(140) primary key,
			creation datetime(6),
			modified datetime(6),
			modified_by varchar(140),
			owner varchar(140),
			docstatus int(1) not null default '0',
			idx int(8) not null default '0',
			`loan_category_code` varchar(140) unique,
`loan_category_name` varchar(140) unique,
`disabled` int(1) not null default 0,
`_user_tags` text,
`_comments` text,
`_assign` text,
`_liked_by` text,
index modified(modified))
			ENGINE=InnoDB
			ROW_FORMAT=DYNAMIC
			CHARACTER SET=utf8mb4
			COLLATE=utf8mb4_unicode_ci
2026-02-13 21:08:15,100 WARNING database DDL Query made to DB:
create table `tabDays Past Due Log` (
			name varchar(140) primary key,
			creation datetime(6),
			modified datetime(6),
			modified_by varchar(140),
			owner varchar(140),
			docstatus int(1) not null default '0',
			idx int(8) not null default '0',
			`loan` varchar(140),
`loan_disbursement` varchar(140),
`posting_date` date,
`days_past_due` int(11) not null default 0,
`process_loan_classification` varchar(140),
`_user_tags` text,
`_comments` text,
`_assign` text,
`_liked_by` text,
index `loan`(`loan`),
index `loan_disbursement`(`loan_disbursement`),
index `posting_date`(`posting_date`),
index modified(modified))
			ENGINE=InnoDB
			ROW_FORMAT=DYNAMIC
			CHARACTER SET=utf8mb4
			COLLATE=utf8mb4_unicode_ci
2026-02-13 21:08:15,200 WARNING database DDL Query made to DB:
create table `tabLoan IRAC Provisioning Configuration` (
			name varchar(140) primary key,
			creation datetime(6),
			modified datetime(6),
			modified_by varchar(140),
			owner varchar(140),
			docstatus int(1) not null default '0',
			idx int(8) not null default '0',
			`classification_code` varchar(140),
`classification_name` varchar(140),
`security_type` varchar(140),
`provision_rate` decimal(21,9) not null default 0,
parent varchar(140),
parentfield varchar(140),
parenttype varchar(140),
index parent(parent))
			ENGINE=InnoDB
			ROW_FORMAT=DYNAMIC
			CHARACTER SET=utf8mb4
			COLLATE=utf8mb4_unicode_ci
2026-02-13 21:08:15,295 WARNING database DDL Query made to DB:
create table `tabLoan Security` (
			name varchar(140) primary key,
			creation datetime(6),
			modified datetime(6),
			modified_by varchar(140),
			owner varchar(140),
			docstatus int(1) not null default '0',
			idx int(8) not null default '0',
			`loan_security_code` varchar(140) unique,
`loan_security_name` varchar(140),
`haircut` decimal(21,9) not null default 0,
`original_security_value` decimal(21,9) not null default 0,
`utilized_security_value` decimal(21,9) not null default 0,
`loan_security_type` varchar(140),
`available_security_value` decimal(21,9) not null default 0,
`disabled` int(1) not null default 0,
`_user_tags` text,
`_comments` text,
`_assign` text,
`_liked_by` text,
index modified(modified))
			ENGINE=InnoDB
			ROW_FORMAT=DYNAMIC
			CHARACTER SET=utf8mb4
			COLLATE=utf8mb4_unicode_ci
2026-02-13 21:08:15,396 WARNING database DDL Query made to DB:
create table `tabLoan Product Loan Partner` (
			name varchar(140) primary key,
			creation datetime(6),
			modified datetime(6),
			modified_by varchar(140),
			owner varchar(140),
			docstatus int(1) not null default '0',
			idx int(8) not null default '0',
			`loan_partner` varchar(140),
parent varchar(140),
parentfield varchar(140),
parenttype varchar(140),
index parent(parent))
			ENGINE=InnoDB
			ROW_FORMAT=DYNAMIC
			CHARACTER SET=utf8mb4
			COLLATE=utf8mb4_unicode_ci
2026-02-13 21:08:15,515 WARNING database DDL Query made to DB:
create table `tabLoan Interest Accrual` (
			name varchar(140) primary key,
			creation datetime(6),
			modified datetime(6),
			modified_by varchar(140),
			owner varchar(140),
			docstatus int(1) not null default '0',
			idx int(8) not null default '0',
			`loan` varchar(140),
`rate_of_interest` decimal(21,9) not null default 0,
`applicant_type` varchar(140),
`applicant` varchar(140),
`loan_product` varchar(140),
`company` varchar(140),
`start_date` datetime(6),
`posting_date` datetime(6),
`interest_type` varchar(140),
`is_term_loan` int(1) not null default 0,
`is_npa` int(1) not null default 0,
`unmark_npa` int(1) not null default 0,
`loan_disbursement` varchar(140),
`accrual_type` varchar(140),
`loan_repayment_schedule` varchar(140),
`accrual_date` date,
`base_amount` decimal(21,9) not null default 0,
`additional_interest_amount` decimal(21,9) not null default 0,
`last_accrual_date` date,
`interest_amount` decimal(21,9) not null default 0,
`loan_demand` varchar(140),
`loan_repayment_schedule_detail` varchar(140),
`cost_center` varchar(140),
`process_loan_interest_accrual` varchar(140),
`amended_from` varchar(140),
`normal_interest_journal_entry` varchar(140),
`additional_interest_suspense_entry` varchar(140),
`_user_tags` text,
`_comments` text,
`_assign` text,
`_liked_by` text,
index `loan`(`loan`),
index `applicant_type`(`applicant_type`),
index `posting_date`(`posting_date`),
index `interest_type`(`interest_type`),
index `loan_disbursement`(`loan_disbursement`),
index `loan_repayment_schedule`(`loan_repayment_schedule`),
index `accrual_date`(`accrual_date`),
index `loan_demand`(`loan_demand`),
index `loan_repayment_schedule_detail`(`loan_repayment_schedule_detail`),
index modified(modified))
			ENGINE=InnoDB
			ROW_FORMAT=DYNAMIC
			CHARACTER SET=utf8mb4
			COLLATE=utf8mb4_unicode_ci
2026-02-13 21:08:15,601 WARNING database DDL Query made to DB:
ALTER TABLE `tabLoan Interest Accrual`
				ADD INDEX IF NOT EXISTS `loan_docstatus_interest_type_posting_date_index`(loan, docstatus, interest_type, posting_date)
2026-02-13 21:08:15,655 WARNING database DDL Query made to DB:
create table `tabLoan Demand Offset Order` (
			name varchar(140) primary key,
			creation datetime(6),
			modified datetime(6),
			modified_by varchar(140),
			owner varchar(140),
			docstatus int(1) not null default '0',
			idx int(8) not null default '0',
			`title` varchar(140) unique,
`_user_tags` text,
`_comments` text,
`_assign` text,
`_liked_by` text,
index modified(modified))
			ENGINE=InnoDB
			ROW_FORMAT=DYNAMIC
			CHARACTER SET=utf8mb4
			COLLATE=utf8mb4_unicode_ci
2026-02-13 21:08:15,765 WARNING database DDL Query made to DB:
create table `tabBulk Repayment Log` (
			name varchar(140) primary key,
			creation datetime(6),
			modified datetime(6),
			modified_by varchar(140),
			owner varchar(140),
			docstatus int(1) not null default '0',
			idx int(8) not null default '0',
			`amended_from` varchar(140),
`loan` varchar(140),
`loan_disbursement` varchar(140),
`trace_id` varchar(140),
`status` varchar(140),
`timestamp` datetime(6),
`failed_repayment` text,
`details` longtext,
`traceback` longtext,
`_user_tags` text,
`_comments` text,
`_assign` text,
`_liked_by` text,
index `amended_from`(`amended_from`),
index modified(modified))
			ENGINE=InnoDB
			ROW_FORMAT=DYNAMIC
			CHARACTER SET=utf8mb4
			COLLATE=utf8mb4_unicode_ci
2026-02-13 21:08:15,862 WARNING database DDL Query made to DB:
create table `tabLoan Adjustment Detail` (
			name varchar(140) primary key,
			creation datetime(6),
			modified datetime(6),
			modified_by varchar(140),
			owner varchar(140),
			docstatus int(1) not null default '0',
			idx int(8) not null default '0',
			`loan_repayment_type` varchar(140),
`amount` decimal(21,9) not null default 0,
parent varchar(140),
parentfield varchar(140),
parenttype varchar(140),
index parent(parent))
			ENGINE=InnoDB
			ROW_FORMAT=DYNAMIC
			CHARACTER SET=utf8mb4
			COLLATE=utf8mb4_unicode_ci
2026-02-13 21:08:15,945 WARNING database DDL Query made to DB:
create table `tabLoan Partner Shareable` (
			name varchar(140) primary key,
			creation datetime(6),
			modified datetime(6),
			modified_by varchar(140),
			owner varchar(140),
			docstatus int(1) not null default '0',
			idx int(8) not null default '0',
			`shareable_type` varchar(140),
`sharing_parameter` varchar(140),
`partner_collection_percentage` decimal(21,9) not null default 0,
`company_collection_percentage` decimal(21,9) not null default 0,
`partner_loan_amount_percentage` decimal(21,9) not null default 0,
`minimum_partner_loan_amount_percentage` decimal(21,9) not null default 0,
parent varchar(140),
parentfield varchar(140),
parenttype varchar(140),
index parent(parent))
			ENGINE=InnoDB
			ROW_FORMAT=DYNAMIC
			CHARACTER SET=utf8mb4
			COLLATE=utf8mb4_unicode_ci
2026-02-13 21:08:16,074 WARNING database DDL Query made to DB:
create table `tabLoan Disbursement` (
			name varchar(140) primary key,
			creation datetime(6),
			modified datetime(6),
			modified_by varchar(140),
			owner varchar(140),
			docstatus int(1) not null default '0',
			idx int(8) not null default '0',
			`against_loan` varchar(140),
`sanctioned_loan_amount` decimal(21,9) not null default 0,
`current_disbursed_amount` decimal(21,9) not null default 0,
`posting_date` date,
`applicant_type` varchar(140),
`loan_product` varchar(140),
`monthly_repayment_amount` decimal(21,9) not null default 0,
`loan_partner` varchar(140),
`company` varchar(140),
`applicant` varchar(140),
`repayment_schedule_type` varchar(140),
`repayment_frequency` varchar(140),
`repayment_method` varchar(140),
`tenure` int(11) not null default 0,
`repayment_start_date` date,
`is_term_loan` int(1) not null default 0,
`withhold_security_deposit` int(1) not null default 0,
`disbursement_date` date,
`clearance_date` date,
`bpi_difference_date` date,
`broken_period_interest_days` int(11) not null default 0,
`disbursed_amount` decimal(21,9) not null default 0,
`broken_period_interest` decimal(21,9) not null default 0,
`bpi_amount_difference` decimal(21,9) not null default 0,
`principal_amount_paid` decimal(21,9) not null default 0,
`mode_of_payment` varchar(140),
`disbursement_account` varchar(140),
`refund_account` varchar(140),
`loan_account` varchar(140),
`bank_account` varchar(140),
`cost_center` varchar(140),
`reference_date` date,
`days_past_due` int(11) not null default 0,
`status` varchar(140) default 'Draft',
`reference_number` varchar(140),
`amended_from` varchar(140),
`_user_tags` text,
`_comments` text,
`_assign` text,
`_liked_by` text,
index `against_loan`(`against_loan`),
index `posting_date`(`posting_date`),
index `disbursement_date`(`disbursement_date`),
index modified(modified))
			ENGINE=InnoDB
			ROW_FORMAT=DYNAMIC
			CHARACTER SET=utf8mb4
			COLLATE=utf8mb4_unicode_ci
2026-02-13 21:08:16,184 WARNING database DDL Query made to DB:
create table `tabLoan Repayment Repost Cancel Detail` (
			name varchar(140) primary key,
			creation datetime(6),
			modified datetime(6),
			modified_by varchar(140),
			owner varchar(140),
			docstatus int(1) not null default '0',
			idx int(8) not null default '0',
			`loan_repayment` varchar(140),
parent varchar(140),
parentfield varchar(140),
parenttype varchar(140),
index parent(parent))
			ENGINE=InnoDB
			ROW_FORMAT=DYNAMIC
			CHARACTER SET=utf8mb4
			COLLATE=utf8mb4_unicode_ci
2026-02-13 21:08:16,290 WARNING database DDL Query made to DB:
create table `tabLoan NPA Log` (
			name varchar(140) primary key,
			creation datetime(6),
			modified datetime(6),
			modified_by varchar(140),
			owner varchar(140),
			docstatus int(1) not null default '0',
			idx int(8) not null default '0',
			`loan` varchar(140),
`npa` int(1) not null default 0,
`manual_npa` int(1) not null default 0,
`event` varchar(140),
`npa_date` date,
`delinked` int(1) not null default 0,
`_user_tags` text,
`_comments` text,
`_assign` text,
`_liked_by` text,
index `loan`(`loan`),
index modified(modified))
			ENGINE=InnoDB
			ROW_FORMAT=DYNAMIC
			CHARACTER SET=utf8mb4
			COLLATE=utf8mb4_unicode_ci
2026-02-13 21:08:16,383 WARNING database DDL Query made to DB:
create table `tabLoan Repayment Charges` (
			name varchar(140) primary key,
			creation datetime(6),
			modified datetime(6),
			modified_by varchar(140),
			owner varchar(140),
			docstatus int(1) not null default '0',
			idx int(8) not null default '0',
			`charge_code` varchar(140),
`amount` decimal(21,9) not null default 0,
parent varchar(140),
parentfield varchar(140),
parenttype varchar(140),
index parent(parent))
			ENGINE=InnoDB
			ROW_FORMAT=DYNAMIC
			CHARACTER SET=utf8mb4
			COLLATE=utf8mb4_unicode_ci
2026-02-13 21:08:16,481 WARNING database DDL Query made to DB:
create table `tabProcess Loan Interest Accrual` (
			name varchar(140) primary key,
			creation datetime(6),
			modified datetime(6),
			modified_by varchar(140),
			owner varchar(140),
			docstatus int(1) not null default '0',
			idx int(8) not null default '0',
			`posting_date` date,
`company` varchar(140),
`loan_product` varchar(140),
`loan` varchar(140),
`loan_disbursement` varchar(140),
`accrual_type` varchar(140),
`amended_from` varchar(140),
`_user_tags` text,
`_comments` text,
`_assign` text,
`_liked_by` text,
index modified(modified))
			ENGINE=InnoDB
			ROW_FORMAT=DYNAMIC
			CHARACTER SET=utf8mb4
			COLLATE=utf8mb4_unicode_ci
2026-02-13 21:08:16,613 WARNING database DDL Query made to DB:
create table `tabLoan Partner` (
			name varchar(140) primary key,
			creation datetime(6),
			modified datetime(6),
			modified_by varchar(140),
			owner varchar(140),
			docstatus int(1) not null default '0',
			idx int(8) not null default '0',
			`partner_code` varchar(140) unique,
`partner_name` varchar(140) unique,
`partner_loan_share_percentage` decimal(21,9) not null default 0,
`partial_payment_mechanism` varchar(140),
`repayment_schedule_type` varchar(140),
`effective_date` date,
`partner_base_interest_rate` decimal(21,9) not null default 0,
`enable_partner_accounting` int(1) not null default 0,
`organization_type` varchar(140),
`primary_address` varchar(140),
`fldg_trigger_dpd` int(11) not null default 0,
`fldg_limit_calculation_component` varchar(140),
`type_of_fldg_applicable` varchar(140),
`fldg_fixed_deposit_percentage` decimal(21,9) not null default 0,
`fldg_corporate_guarantee_percentage` decimal(21,9) not null default 0,
`servicer_fee` int(1) not null default 0,
`restructure_of_loans_applicable` int(1) not null default 0,
`waiving_of_charges_applicable` int(1) not null default 0,
`receivable_account` varchar(140),
`payable_account` varchar(140),
`credit_account` varchar(140),
`fldg_account` varchar(140),
`partner_interest_share` varchar(140),
`_user_tags` text,
`_comments` text,
`_assign` text,
`_liked_by` text,
index modified(modified))
			ENGINE=InnoDB
			ROW_FORMAT=DYNAMIC
			CHARACTER SET=utf8mb4
			COLLATE=utf8mb4_unicode_ci
2026-02-13 21:08:16,709 WARNING database DDL Query made to DB:
create table `tabLoan Accrual Repost` (
			name varchar(140) primary key,
			creation datetime(6),
			modified datetime(6),
			modified_by varchar(140),
			owner varchar(140),
			docstatus int(1) not null default '0',
			idx int(8) not null default '0',
			`from_date` date,
`amended_from` varchar(140),
`to_date` date,
`_user_tags` text,
`_comments` text,
`_assign` text,
`_liked_by` text,
index `amended_from`(`amended_from`),
index modified(modified))
			ENGINE=InnoDB
			ROW_FORMAT=DYNAMIC
			CHARACTER SET=utf8mb4
			COLLATE=utf8mb4_unicode_ci
2026-02-13 21:08:16,823 WARNING database DDL Query made to DB:
create table `tabLoan Transfer` (
			name varchar(140) primary key,
			creation datetime(6),
			modified datetime(6),
			modified_by varchar(140),
			owner varchar(140),
			docstatus int(1) not null default '0',
			idx int(8) not null default '0',
			`applicant` varchar(140),
`company` varchar(140),
`transfer_date` date,
`from_branch` varchar(140),
`to_branch` varchar(140),
`amended_from` varchar(140),
`_user_tags` text,
`_comments` text,
`_assign` text,
`_liked_by` text,
index `amended_from`(`amended_from`),
index modified(modified))
			ENGINE=InnoDB
			ROW_FORMAT=DYNAMIC
			CHARACTER SET=utf8mb4
			COLLATE=utf8mb4_unicode_ci
2026-02-13 21:08:17,049 WARNING database DDL Query made to DB:
create table `tabLoan Document Type` (
			name varchar(140) primary key,
			creation datetime(6),
			modified datetime(6),
			modified_by varchar(140),
			owner varchar(140),
			docstatus int(1) not null default '0',
			idx int(8) not null default '0',
			`loan_document_type` varchar(140) unique,
`_user_tags` text,
`_comments` text,
`_assign` text,
`_liked_by` text,
index modified(modified))
			ENGINE=InnoDB
			ROW_FORMAT=DYNAMIC
			CHARACTER SET=utf8mb4
			COLLATE=utf8mb4_unicode_ci
2026-02-13 21:08:17,160 WARNING database DDL Query made to DB:
create table `tabLoan Application Document` (
			name varchar(140) primary key,
			creation datetime(6),
			modified datetime(6),
			modified_by varchar(140),
			owner varchar(140),
			docstatus int(1) not null default '0',
			idx int(8) not null default '0',
			`document_type` varchar(140),
`file` text,
parent varchar(140),
parentfield varchar(140),
parenttype varchar(140),
index parent(parent))
			ENGINE=InnoDB
			ROW_FORMAT=DYNAMIC
			CHARACTER SET=utf8mb4
			COLLATE=utf8mb4_unicode_ci
2026-02-13 21:08:17,246 WARNING database DDL Query made to DB:
create table `tabLoan Co-Applicants` (
			name varchar(140) primary key,
			creation datetime(6),
			modified datetime(6),
			modified_by varchar(140),
			owner varchar(140),
			docstatus int(1) not null default '0',
			idx int(8) not null default '0',
			`applicant_name` varchar(140),
`applicant_email` varchar(140),
`applicant_mobile` varchar(140),
parent varchar(140),
parentfield varchar(140),
parenttype varchar(140),
index parent(parent))
			ENGINE=InnoDB
			ROW_FORMAT=DYNAMIC
			CHARACTER SET=utf8mb4
			COLLATE=utf8mb4_unicode_ci
2026-02-13 21:08:18,277 WARNING database DDL Query made to DB:
ALTER TABLE `tabSales Invoice` ADD COLUMN `loan` varchar(140), ADD COLUMN `loan_disbursement` varchar(140), ADD COLUMN `loan_repayment` varchar(140), ADD COLUMN `value_date` date
2026-02-13 21:08:18,325 WARNING database DDL Query made to DB:
ALTER TABLE `tabSales Invoice` MODIFY `base_discount_amount` decimal(21,9) not null default 0, MODIFY `base_paid_amount` decimal(21,9) not null default 0, MODIFY `total_net_weight` decimal(21,9) not null default 0, MODIFY `grand_total` decimal(21,9) not null default 0, MODIFY `base_write_off_amount` decimal(21,9) not null default 0, MODIFY `plc_conversion_rate` decimal(21,9) not null default 0, MODIFY `base_rounded_total` decimal(21,9) not null default 0, MODIFY `base_total` decimal(21,9) not null default 0, MODIFY `paid_amount` decimal(21,9) not null default 0, MODIFY `total_qty` decimal(21,9) not null default 0, MODIFY `loyalty_amount` decimal(21,9) not null default 0, MODIFY `discount_amount` decimal(21,9) not null default 0, MODIFY `total_commission` decimal(21,9) not null default 0, MODIFY `commission_rate` decimal(21,9) not null default 0, MODIFY `base_total_taxes_and_charges` decimal(21,9) not null default 0, MODIFY `rounded_total` decimal(21,9) not null default 0, MODIFY `change_amount` decimal(21,9) not null default 0, MODIFY `rounding_adjustment` decimal(21,9) not null default 0, MODIFY `conversion_rate` decimal(21,9) not null default 0, MODIFY `base_net_total` decimal(21,9) not null default 0, MODIFY `net_total` decimal(21,9) not null default 0, MODIFY `base_grand_total` decimal(21,9) not null default 0, MODIFY `additional_discount_percentage` decimal(21,9) not null default 0, MODIFY `base_change_amount` decimal(21,9) not null default 0, MODIFY `amount_eligible_for_commission` decimal(21,9) not null default 0, MODIFY `total` decimal(21,9) not null default 0, MODIFY `outstanding_amount` decimal(21,9) not null default 0, MODIFY `total_billing_hours` decimal(21,9) not null default 0, MODIFY `total_advance` decimal(21,9) not null default 0, MODIFY `write_off_amount` decimal(21,9) not null default 0, MODIFY `base_rounding_adjustment` decimal(21,9) not null default 0, MODIFY `total_taxes_and_charges` decimal(21,9) not null default 0
2026-02-13 21:08:18,371 WARNING database DDL Query made to DB:
ALTER TABLE `tabSales Invoice` ADD INDEX `value_date_index`(`value_date`)
2026-02-13 21:08:18,480 WARNING database DDL Query made to DB:
ALTER TABLE `tabGL Entry` ADD COLUMN `value_date` date
2026-02-13 21:08:18,530 WARNING database DDL Query made to DB:
ALTER TABLE `tabGL Entry` MODIFY `credit` decimal(21,9) not null default 0, MODIFY `debit_in_account_currency` decimal(21,9) not null default 0, MODIFY `debit` decimal(21,9) not null default 0, MODIFY `transaction_exchange_rate` decimal(21,9) not null default 0, MODIFY `credit_in_account_currency` decimal(21,9) not null default 0, MODIFY `debit_in_transaction_currency` decimal(21,9) not null default 0, MODIFY `credit_in_transaction_currency` decimal(21,9) not null default 0
2026-02-13 21:08:18,579 WARNING database DDL Query made to DB:
ALTER TABLE `tabGL Entry` ADD INDEX `value_date_index`(`value_date`), ADD INDEX `creation`(`creation`)
2026-02-13 21:08:18,728 WARNING database DDL Query made to DB:
ALTER TABLE `tabCompany` ADD COLUMN `enable_loan_accounting` int(1) not null default 0, ADD COLUMN `loan_accrual_frequency` varchar(140), ADD COLUMN `loan_restructure_limit` decimal(21,9) not null default 0, ADD COLUMN `collection_offset_logic_based_on` varchar(140), ADD COLUMN `days_past_due_threshold` int(11) not null default 0, ADD COLUMN `interest_day_count_convention` varchar(140), ADD COLUMN `min_days_bw_disbursement_first_repayment` int(11) not null default 0, ADD COLUMN `days_past_due_threshold_for_auto_write_off` int(11) not null default 0, ADD COLUMN `watch_period_post_loan_restructure_in_days` int(11) not null default 0, ADD COLUMN `collection_offset_sequence_for_standard_asset` varchar(140), ADD COLUMN `collection_offset_sequence_for_written_off_asset` varchar(140), ADD COLUMN `collection_offset_sequence_for_sub_standard_asset` varchar(140), ADD COLUMN `collection_offset_sequence_for_settlement_collection` varchar(140)
2026-02-13 21:08:18,774 WARNING database DDL Query made to DB:
ALTER TABLE `tabCompany` MODIFY `monthly_sales_target` decimal(21,9) not null default 0, MODIFY `total_monthly_sales` decimal(21,9) not null default 0, MODIFY `credit_limit` decimal(21,9) not null default 0
2026-02-13 21:08:18,916 WARNING database DDL Query made to DB:
ALTER TABLE `tabJournal Entry` ADD COLUMN `loan_transfer` varchar(140), ADD COLUMN `loan` varchar(140), ADD COLUMN `value_date` date
2026-02-13 21:08:18,996 WARNING database DDL Query made to DB:
ALTER TABLE `tabJournal Entry` MODIFY `write_off_amount` decimal(21,9) not null default 0, MODIFY `total_credit` decimal(21,9) not null default 0, MODIFY `total_amount` decimal(21,9) not null default 0, MODIFY `difference` decimal(21,9) not null default 0, MODIFY `total_debit` decimal(21,9) not null default 0
2026-02-13 21:08:19,050 WARNING database DDL Query made to DB:
ALTER TABLE `tabJournal Entry` ADD INDEX `loan_transfer_index`(`loan_transfer`), ADD INDEX `loan_index`(`loan`), ADD INDEX `value_date_index`(`value_date`)
2026-02-13 21:08:19,185 WARNING database DDL Query made to DB:
ALTER TABLE `tabCustomer` ADD COLUMN `is_npa` int(1) not null default 0
2026-02-13 21:08:19,240 WARNING database DDL Query made to DB:
ALTER TABLE `tabCustomer` MODIFY `default_commission_rate` decimal(21,9) not null default 0
2026-02-13 21:08:19,349 WARNING database DDL Query made to DB:
ALTER TABLE `tabItem Default` ADD COLUMN `default_receivable_account` varchar(140), ADD COLUMN `default_waiver_account` varchar(140), ADD COLUMN `default_write_off_account` varchar(140), ADD COLUMN `default_suspense_account` varchar(140)
2026-02-13 21:08:20,018 WARNING database DDL Query made to DB:
ALTER TABLE `tabLoan Application` ADD COLUMN `workflow_state` varchar(140)
2026-02-13 21:08:20,072 WARNING database DDL Query made to DB:
ALTER TABLE `tabLoan Application` MODIFY `maximum_loan_amount` decimal(21,9) not null default 0, MODIFY `rate_of_interest` decimal(21,9) not null default 0, MODIFY `total_payable_amount` decimal(21,9) not null default 0, MODIFY `repayment_amount` decimal(21,9) not null default 0, MODIFY `total_payable_interest` decimal(21,9) not null default 0, MODIFY `loan_amount` decimal(21,9) not null default 0
